[34m-------------------[34m-------------------Monday - 2025-09-15 06:55:54.257510 - INFO-_-_-_-_-_-_-_-_-_-_-_-_-_-_-_-_-_-_-_-_-_-_-_-_-_-_-_-_-_-_-_-_-_-_-_-_-_-_-_-_-_-_-_-_-_-_-_-_-_-_-_-_-_-_-_-_-_-_-_-_-_-_-_-_-06:55:54.257285 - BEGIN DATALOADER-_-_-_-_-_-_-_-_-_-_-_-_-_-_-_-_-_-_-_-_-_-_-_-_-_-_-_-_-_-_-_-_-_-_-_-_-_-_-_-_-_-_-_-_-_-_-_-_-_-_-_-_-_-_-_-_-_-_-_-_-_-_-_-_-[34m*******************[34m*******************Monday - 2025-09-15 06:55:55.368305 - ERROR - Traceback (most recent call last):
  File "C:\Users\Brandon\Desktop\LootLoader\LootLoader_CharlesSchwab\DataLoader1.py", line 464, in Run
    epoch_DB_DateTime = lib.Date_Time_Management.Convert_GivenDateTime_to_EpochTime(DB_DateTime)
  File "C:\Users\Brandon\Desktop\LootLoader\LootLoader_CharlesSchwab\LLLib_Charles_Schwab_1.py", line 3180, in Convert_GivenDateTime_to_EpochTime
    epoch_time = int(time.mktime(time.strptime(DB_DateTime_string, "%Y-%m-%d %H:%M:%S")))
                     ^^^^
NameError: name 'time' is not defined. Did you mean: 'tme'? Or did you forget to import 'time'?
 - END PROGRAM-_-_-_-_-_-_-_-_-_-_-_-_-_-_-_-_-[34m-------------------[34m-------------------Monday - 2025-09-15 10:11:14.013725 - INFO-_-_-_-_-_-_-_-_-_-_-_-_-_-_-_-_-_-_-_-_-_-_-_-_-_-_-_-_-_-_-_-_-_-_-_-_-_-_-_-_-_-_-_-_-_-_-_-_-_-_-_-_-_-_-_-_-_-_-_-_-_-_-_-_-10:11:14.013392 - BEGIN DATALOADER-_-_-_-_-_-_-_-_-_-_-_-_-_-_-_-_-_-_-_-_-_-_-_-_-_-_-_-_-_-_-_-_-_-_-_-_-_-_-_-_-_-_-_-_-_-_-_-_-_-_-_-_-_-_-_-_-_-_-_-_-_-_-_-_-[34m-------------------[34m-------------------Monday - 2025-09-15 10:11:14.931444 - INFO1 of 85. Backfilling from specified date 2025-09-12 - 14:27:00 for: ADEA[34m-------------------[34m-------------------Monday - 2025-09-15 10:11:17.647378 - INFO1 of 85. Adding records for... ADEA[34m-------------------[34m-------------------Monday - 2025-09-15 10:12:09.895250 - INFO1 of 85. ADEA - Backfilled to present.[34m-------------------[34m-------------------Monday - 2025-09-15 10:12:10.083485 - INFOADEA Trade Status: (0, 0, 0, 0)[34m-------------------[34m-------------------Monday - 2025-09-15 10:13:44.868302 - INFOADEA False: 2025-09-15 10:11:00[34m-------------------[34m-------------------Monday - 2025-09-15 10:13:46.010506 - INFO2 of 85. Backfilling from specified date 2025-09-12 - 14:30:00 for: ADI[34m-------------------[34m-------------------Monday - 2025-09-15 10:13:48.099525 - INFO2 of 85. Adding records for... ADI[34m-------------------[34m-------------------Monday - 2025-09-15 10:14:51.787363 - INFO2 of 85. ADI - Backfilled to present.[34m-------------------[34m-------------------Monday - 2025-09-15 10:14:51.957788 - INFOADI Trade Status: (0, 0, 0, 0)[34m-------------------[34m-------------------Monday - 2025-09-15 10:16:32.868787 - INFOADI False: 2025-09-15 10:13:00[34m-------------------[34m-------------------Monday - 2025-09-15 10:16:34.215575 - INFO3 of 85. Backfilling from specified date 2025-09-12 - 14:33:00 for: ADM[34m-------------------[34m-------------------Monday - 2025-09-15 10:16:36.654736 - INFO3 of 85. Adding records for... ADM[34m-------------------[34m-------------------Monday - 2025-09-15 10:17:38.017901 - INFO3 of 85. ADM - Backfilled to present.[34m-------------------[34m-------------------Monday - 2025-09-15 10:17:38.185405 - INFOADM Trade Status: (0, 0, 0, 0)[34m-------------------[34m-------------------Monday - 2025-09-15 10:19:31.098032 - INFOADM False: 2025-09-15 10:16:00[34m-------------------[34m-------------------Monday - 2025-09-15 10:19:31.863797 - INFO4 of 85. Backfilling from specified date 2025-09-12 - 14:35:00 for: ADMA[34m-------------------[34m-------------------Monday - 2025-09-15 10:19:34.024082 - INFO4 of 85. Adding records for... ADMA[34m-------------------[34m-------------------Monday - 2025-09-15 10:20:36.428902 - INFO4 of 85. ADMA - Backfilled to present.[34m-------------------[34m-------------------Monday - 2025-09-15 10:20:36.614608 - INFOADMA Trade Status: (1, 1, 1, 0)[34m-------------------[34m-------------------Monday - 2025-09-15 10:20:56.471599 - INFOADMA False: 2025-09-15 10:19:00[34m-------------------[34m-------------------Monday - 2025-09-15 10:20:57.634852 - INFO5 of 85. Backfilling from specified date 2025-09-12 - 14:37:00 for: ADNT[34m-------------------[34m-------------------Monday - 2025-09-15 10:20:59.717225 - INFO5 of 85. Adding records for... ADNT[34m-------------------[34m-------------------Monday - 2025-09-15 10:21:54.787375 - INFO5 of 85. ADNT - Backfilled to present.[34m-------------------[34m-------------------Monday - 2025-09-15 10:21:54.972582 - INFOADNT Trade Status: (0, 0, 0, 0)[34m-------------------[34m-------------------Monday - 2025-09-15 10:23:29.447154 - INFOADNT False: 2025-09-15 10:20:00[34m-------------------[34m-------------------Monday - 2025-09-15 10:23:30.212380 - INFO6 of 85. Backfilling from specified date 2025-09-12 - 14:40:00 for: ADP[34m-------------------[34m-------------------Monday - 2025-09-15 10:23:32.167133 - INFO6 of 85. Adding records for... ADP[34m-------------------[34m-------------------Monday - 2025-09-15 10:24:28.519775 - INFO6 of 85. ADP - Backfilled to present.[34m-------------------[34m-------------------Monday - 2025-09-15 10:24:28.668764 - INFOADP Trade Status: (0, 0, 0, 0)[34m-------------------[34m-------------------Monday - 2025-09-15 10:26:07.987005 - INFOADP False: 2025-09-15 10:23:00[34m-------------------[34m-------------------Monday - 2025-09-15 10:26:08.782947 - INFO7 of 85. Backfilling from specified date 2025-09-12 - 14:42:00 for: ADPT[34m-------------------[34m-------------------Monday - 2025-09-15 10:26:10.982225 - INFO7 of 85. Adding records for... ADPT[34m-------------------[34m-------------------Monday - 2025-09-15 10:27:09.532658 - INFO7 of 85. ADPT - Backfilled to present.[34m-------------------[34m-------------------Monday - 2025-09-15 10:27:09.703434 - INFOADPT Trade Status: (0, 0, 0, 0)[34m-------------------[34m-------------------Monday - 2025-09-15 10:28:46.640544 - INFOADPT False: 2025-09-15 10:25:00[34m-------------------[34m-------------------Monday - 2025-09-15 10:28:47.969002 - INFO8 of 85. Backfilling from specified date 2025-09-12 - 14:43:00 for: ADSK[34m-------------------[34m-------------------Monday - 2025-09-15 10:28:50.055085 - INFO8 of 85. Adding records for... ADSK[34m-------------------[34m-------------------Monday - 2025-09-15 10:29:46.598194 - INFO8 of 85. ADSK - Backfilled to present.[34m-------------------[34m-------------------Monday - 2025-09-15 10:29:46.823045 - INFOADSK Trade Status: (0, 0, 0, 0)[34m-------------------[34m-------------------Monday - 2025-09-15 10:31:33.601596 - INFOADSK False: 2025-09-15 10:28:00[34m-------------------[34m-------------------Monday - 2025-09-15 10:31:34.298765 - INFO9 of 85. Backfilling from specified date 2025-09-12 - 14:48:00 for: ADT[34m-------------------[34m-------------------Monday - 2025-09-15 10:31:36.410614 - INFO9 of 85. Adding records for... ADT[34m-------------------[34m-------------------Monday - 2025-09-15 10:32:34.410596 - INFO9 of 85. ADT - Backfilled to present.[34m-------------------[34m-------------------Monday - 2025-09-15 10:32:34.577425 - INFOADT Trade Status: (0, 0, 0, 0)[34m-------------------[34m-------------------Monday - 2025-09-15 10:34:05.552915 - INFOADT False: 2025-09-15 10:31:00[34m-------------------[34m-------------------Monday - 2025-09-15 10:34:06.214397 - INFO10 of 85. Backfilling from specified date 2025-09-12 - 14:50:00 for: ADTN[34m-------------------[34m-------------------Monday - 2025-09-15 10:34:08.883641 - INFO10 of 85. Adding records for... ADTN[34m-------------------[34m-------------------Monday - 2025-09-15 10:34:58.427531 - INFO10 of 85. ADTN - Backfilled to present.[34m-------------------[34m-------------------Monday - 2025-09-15 10:34:58.598488 - INFOADTN Trade Status: (0, 0, 0, 0)[34m-------------------[34m-------------------Monday - 2025-09-15 10:36:31.051785 - INFOADTN False: 2025-09-15 10:33:00[34m-------------------[34m-------------------Monday - 2025-09-15 10:36:31.616596 - INFO11 of 85. Backfilling from specified date 2025-09-12 - 14:51:00 for: ADTX[34m-------------------[34m-------------------Monday - 2025-09-15 10:36:33.489625 - INFO11 of 85. Adding records for... ADTX[34m-------------------[34m-------------------Monday - 2025-09-15 10:36:33.534108 - INFO11 of 85. ADTX - Backfilled to present.[34m-------------------[34m-------------------Monday - 2025-09-15 10:36:33.705034 - INFOADTX Trade Status: (0, 0, 0, 0)[34m-------------------[34m-------------------Monday - 2025-09-15 10:36:35.105010 - INFO12 of 85. Backfilling from specified date 2025-09-12 - 14:52:00 for: ADV[34m-------------------[34m-------------------Monday - 2025-09-15 10:36:36.937738 - INFO12 of 85. Adding records for... ADV[34m-------------------[34m-------------------Monday - 2025-09-15 10:36:37.011857 - INFO12 of 85. ADV - Backfilled to present.[34m-------------------[34m-------------------Monday - 2025-09-15 10:36:37.178300 - INFOADV Trade Status: (0, 0, 0, 0)[34m-------------------[34m-------------------Monday - 2025-09-15 10:36:38.802407 - INFO13 of 85. Backfilling from specified date 2025-09-12 - 14:53:00 for: ADX[34m-------------------[34m-------------------Monday - 2025-09-15 10:36:41.213951 - INFO13 of 85. Adding records for... ADX[34m-------------------[34m-------------------Monday - 2025-09-15 10:37:24.910904 - INFO13 of 85. ADX - Backfilled to present.[34m-------------------[34m-------------------Monday - 2025-09-15 10:37:25.095389 - INFOADX Trade Status: (0, 0, 0, 0)[34m-------------------[34m-------------------Monday - 2025-09-15 10:38:59.090980 - INFOADX False: 2025-09-15 10:34:00[34m-------------------[34m-------------------Monday - 2025-09-15 10:39:00.405381 - INFO14 of 85. Backfilling from specified date 2025-09-12 - 14:56:00 for: AEE[34m-------------------[34m-------------------Monday - 2025-09-15 10:39:03.276910 - INFO14 of 85. Adding records for... AEE[34m-------------------[34m-------------------Monday - 2025-09-15 10:39:58.833963 - INFO14 of 85. AEE - Backfilled to present.[34m-------------------[34m-------------------Monday - 2025-09-15 10:39:59.023060 - INFOAEE Trade Status: (0, 0, 0, 0)[34m-------------------[34m-------------------Monday - 2025-09-15 10:41:30.753822 - INFOAEE False: 2025-09-15 10:38:00[34m-------------------[34m-------------------Monday - 2025-09-15 10:41:31.831568 - INFO15 of 85. Backfilling from specified date 2025-09-12 - 14:59:00 for: AEG[34m-------------------[34m-------------------Monday - 2025-09-15 10:41:33.675294 - INFO15 of 85. Adding records for... AEG[34m-------------------[34m-------------------Monday - 2025-09-15 10:42:28.865463 - INFO15 of 85. AEG - Backfilled to present.[34m-------------------[34m-------------------Monday - 2025-09-15 10:42:29.025043 - INFOAEG Trade Status: (0, 0, 0, 0)[34m-------------------[34m-------------------Monday - 2025-09-15 10:44:02.859718 - INFOAEG False: 2025-09-15 10:41:00[34m-------------------[34m-------------------Monday - 2025-09-15 10:44:03.805707 - INFO16 of 85. Backfilling from specified date 2025-09-12 - 15:01:00 for: AEHR[34m-------------------[34m-------------------Monday - 2025-09-15 10:44:06.021891 - INFO16 of 85. Adding records for... AEHR[34m-------------------[34m-------------------Monday - 2025-09-15 10:45:01.696053 - INFO16 of 85. AEHR - Backfilled to present.[34m-------------------[34m-------------------Monday - 2025-09-15 10:45:01.843928 - INFOAEHR Trade Status: (0, 0, 0, 0)[34m-------------------[34m-------------------Monday - 2025-09-15 10:46:36.143721 - INFOAEHR False: 2025-09-15 10:43:00[34m-------------------[34m-------------------Monday - 2025-09-15 10:46:37.284180 - INFO17 of 85. Backfilling from specified date 2025-09-12 - 15:04:00 for: AEM[34m-------------------[34m-------------------Monday - 2025-09-15 10:46:39.450639 - INFO17 of 85. Adding records for... AEM[34m-------------------[34m-------------------Monday - 2025-09-15 10:47:38.552564 - INFO17 of 85. AEM - Backfilled to present.[34m-------------------[34m-------------------Monday - 2025-09-15 10:47:38.725731 - INFOAEM Trade Status: (0, 0, 0, 0)[34m-------------------[34m-------------------Monday - 2025-09-15 10:49:09.937431 - INFOAEM False: 2025-09-15 10:46:00[34m-------------------[34m-------------------Monday - 2025-09-15 10:49:11.785547 - INFO18 of 85. Backfilling from specified date 2025-09-12 - 15:07:00 for: AEO[34m-------------------[34m-------------------Monday - 2025-09-15 10:49:14.505449 - INFO18 of 85. Adding records for... AEO[34m-------------------[34m-------------------Monday - 2025-09-15 10:50:21.487036 - INFO18 of 85. AEO - Backfilled to present.[34m-------------------[34m-------------------Monday - 2025-09-15 10:50:21.649843 - INFOAEO Trade Status: (0, 0, 0, 0)[34m-------------------[34m-------------------Monday - 2025-09-15 10:52:00.512443 - INFOAEO False: 2025-09-15 10:49:00[34m-------------------[34m-------------------Monday - 2025-09-15 10:52:01.449959 - INFO19 of 85. Backfilling from specified date 2025-09-12 - 15:09:00 for: AEP[34m-------------------[34m-------------------Monday - 2025-09-15 10:52:03.806738 - INFO19 of 85. Adding records for... AEP[34m-------------------[34m-------------------Monday - 2025-09-15 10:53:01.000316 - INFO19 of 85. AEP - Backfilled to present.[34m-------------------[34m-------------------Monday - 2025-09-15 10:53:01.169674 - INFOAEP Trade Status: (1, 1, 1, 0)[34m*******************[34m*******************Monday - 2025-09-15 10:53:22.847788 - ERRORTraceback (most recent call last):
  File "C:\Users\Brandon\Desktop\LootLoader\LootLoader_CharlesSchwab\LLLib_Charles_Schwab_1.py", line 5075, in Attempt_Sell_at_MarketValue
    sellPrice = Pull_From_Schwab_Management.Get_BuyPrice_from_orderID(orderID)
  File "C:\Users\Brandon\Desktop\LootLoader\LootLoader_CharlesSchwab\LLLib_Charles_Schwab_1.py", line 5638, in Get_BuyPrice_from_orderID
    for item in tradeData['orderActivityCollection'][0]['executionLegs']:
                ~~~~~~~~~^^^^^^^^^^^^^^^^^^^^^^^^^^^
KeyError: 'orderActivityCollection'

During handling of the above exception, another exception occurred:

Traceback (most recent call last):
  File "C:\Users\Brandon\Desktop\LootLoader\LootLoader_CharlesSchwab\LLLib_Charles_Schwab_1.py", line 5078, in Attempt_Sell_at_MarketValue
    sellPrice = Pull_From_Schwab_Management.Get_BuyPrice_from_orderID(orderID)
  File "C:\Users\Brandon\Desktop\LootLoader\LootLoader_CharlesSchwab\LLLib_Charles_Schwab_1.py", line 5638, in Get_BuyPrice_from_orderID
    for item in tradeData['orderActivityCollection'][0]['executionLegs']:
                ~~~~~~~~~^^^^^^^^^^^^^^^^^^^^^^^^^^^
KeyError: 'orderActivityCollection'
[34m-------------------[34m-------------------Monday - 2025-09-15 10:53:23.542243 - INFO20 of 85. Backfilling from specified date 2025-09-12 - 15:11:00 for: AER[34m-------------------[34m-------------------Monday - 2025-09-15 10:53:25.856161 - INFO20 of 85. Adding records for... AER[34m-------------------[34m-------------------Monday - 2025-09-15 10:55:22.721577 - INFO20 of 85. AER - Backfilled to present.[34m-------------------[34m-------------------Monday - 2025-09-15 10:55:23.048375 - INFOAER Trade Status: (0, 0, 0, 0)[34m-------------------[34m-------------------Monday - 2025-09-15 10:58:16.911907 - INFOAER False: 2025-09-15 10:53:00[34m-------------------[34m-------------------Monday - 2025-09-15 10:58:18.835469 - INFO21 of 85. Backfilling from specified date 2025-09-12 - 15:13:00 for: AES[34m-------------------[34m-------------------Monday - 2025-09-15 10:58:22.462929 - INFO21 of 85. Adding records for... AES[34m-------------------[34m-------------------Monday - 2025-09-15 11:00:52.118152 - INFO21 of 85. AES - Backfilled to present.[34m-------------------[34m-------------------Monday - 2025-09-15 11:00:52.490500 - INFOAES Trade Status: (0, 0, 0, 0)[34m-------------------[34m-------------------Monday - 2025-09-15 11:03:49.578758 - INFOAES False: 2025-09-15 10:58:00[34m-------------------[34m-------------------Monday - 2025-09-15 11:03:51.025321 - INFO22 of 85. Backfilling from specified date 2025-09-12 - 15:16:00 for: AESI[34m-------------------[34m-------------------Monday - 2025-09-15 11:03:54.687255 - INFO22 of 85. Adding records for... AESI[34m-------------------[34m-------------------Monday - 2025-09-15 11:06:09.795455 - INFO22 of 85. AESI - Backfilled to present.[34m-------------------[34m-------------------Monday - 2025-09-15 11:06:10.185232 - INFOAESI Trade Status: (1, 1, 1, 0)[34m-------------------[34m-------------------Monday - 2025-09-15 11:06:55.159625 - INFOAESI False: 2025-09-15 11:03:00[34m-------------------[34m-------------------Monday - 2025-09-15 11:06:57.433195 - INFO23 of 85. Backfilling from specified date 2025-09-12 - 15:17:00 for: AEVA[34m-------------------[34m-------------------Monday - 2025-09-15 11:07:01.032071 - INFO23 of 85. Adding records for... AEVA[34m-------------------[34m-------------------Monday - 2025-09-15 11:09:35.882823 - INFO23 of 85. AEVA - Backfilled to present.[34m-------------------[34m-------------------Monday - 2025-09-15 11:09:36.305785 - INFOAEVA Trade Status: (0, 0, 0, 0)[34m-------------------[34m-------------------Monday - 2025-09-15 11:12:34.415658 - INFOAEVA False: 2025-09-15 11:06:00[34m-------------------[34m-------------------Monday - 2025-09-15 11:12:37.449145 - INFO24 of 85. Backfilling from specified date 2025-09-12 - 15:19:00 for: AFG[34m-------------------[34m-------------------Monday - 2025-09-15 11:12:40.595978 - INFO24 of 85. Adding records for... AFG[34m-------------------[34m-------------------Monday - 2025-09-15 11:14:34.486630 - INFO24 of 85. AFG - Backfilled to present.[34m-------------------[34m-------------------Monday - 2025-09-15 11:14:34.883375 - INFOAFG Trade Status: (0, 0, 0, 0)[34m-------------------[34m-------------------Monday - 2025-09-15 11:17:24.048707 - INFOAFG False: 2025-09-15 11:12:00[34m-------------------[34m-------------------Monday - 2025-09-15 11:17:28.031300 - INFO25 of 85. Backfilling from specified date 2025-09-12 - 15:23:00 for: AFL[34m-------------------[34m-------------------Monday - 2025-09-15 11:17:31.663821 - INFO25 of 85. Adding records for... AFL[34m-------------------[34m-------------------Monday - 2025-09-15 11:19:57.415241 - INFO25 of 85. AFL - Backfilled to present.[34m-------------------[34m-------------------Monday - 2025-09-15 11:19:57.795543 - INFOAFL Trade Status: (0, 0, 0, 0)[34m-------------------[34m-------------------Monday - 2025-09-15 11:22:52.434751 - INFOAFL False: 2025-09-15 11:17:00[34m-------------------[34m-------------------Monday - 2025-09-15 11:22:54.501701 - INFO26 of 85. Backfilling from specified date 2025-09-12 - 15:25:00 for: AFRM[34m-------------------[34m-------------------Monday - 2025-09-15 11:22:58.633231 - INFO26 of 85. Adding records for... AFRM[34m-------------------[34m-------------------Monday - 2025-09-15 11:25:57.070861 - INFO26 of 85. AFRM - Backfilled to present.[34m-------------------[34m-------------------Monday - 2025-09-15 11:25:57.445753 - INFOAFRM Trade Status: (0, 0, 0, 0)[34m-------------------[34m-------------------Monday - 2025-09-15 11:28:57.446602 - INFOAFRM False: 2025-09-15 11:22:00[34m-------------------[34m-------------------Monday - 2025-09-15 11:28:59.144317 - INFO27 of 85. Backfilling from specified date 2025-09-12 - 15:28:00 for: AG[34m-------------------[34m-------------------Monday - 2025-09-15 11:29:02.744737 - INFO27 of 85. Adding records for... AG[34m-------------------[34m-------------------Monday - 2025-09-15 11:32:05.031510 - INFO27 of 85. AG - Backfilled to present.[34m-------------------[34m-------------------Monday - 2025-09-15 11:32:05.410770 - INFOAG Trade Status: (0, 0, 0, 0)[34m-------------------[34m-------------------Monday - 2025-09-15 11:35:05.940821 - INFOAG False: 2025-09-15 11:28:00[34m-------------------[34m-------------------Monday - 2025-09-15 11:35:07.233720 - INFO28 of 85. Backfilling from specified date 2025-09-12 - 15:31:00 for: AGCO[34m-------------------[34m-------------------Monday - 2025-09-15 11:35:10.762845 - INFO28 of 85. Adding records for... AGCO[34m-------------------[34m-------------------Monday - 2025-09-15 11:37:12.661115 - INFO28 of 85. AGCO - Backfilled to present.[34m-------------------[34m-------------------Monday - 2025-09-15 11:37:13.038900 - INFOAGCO Trade Status: (0, 0, 0, 0)[34m-------------------[34m-------------------Monday - 2025-09-15 11:40:04.682649 - INFOAGCO False: 2025-09-15 11:35:00[34m-------------------[34m-------------------Monday - 2025-09-15 11:40:06.089832 - INFO29 of 85. Backfilling from specified date 2025-09-12 - 15:31:00 for: AGEN[34m-------------------[34m-------------------Monday - 2025-09-15 11:40:09.238027 - INFO29 of 85. Adding records for... AGEN[34m-------------------[34m-------------------Monday - 2025-09-15 11:40:09.506911 - INFO29 of 85. AGEN - Backfilled to present.[34m-------------------[34m-------------------Monday - 2025-09-15 11:40:09.907082 - INFOAGEN Trade Status: (0, 0, 0, 0)[34m-------------------[34m-------------------Monday - 2025-09-15 11:40:12.855582 - INFO30 of 85. Backfilling from specified date 2025-09-12 - 15:34:00 for: AGG[34m-------------------[34m-------------------Monday - 2025-09-15 11:40:16.175933 - INFO30 of 85. Adding records for... AGG[34m-------------------[34m-------------------Monday - 2025-09-15 11:42:40.896299 - INFO30 of 85. AGG - Backfilled to present.[34m-------------------[34m-------------------Monday - 2025-09-15 11:42:41.297123 - INFOAGG Trade Status: (0, 0, 0, 0)[34m-------------------[34m-------------------Monday - 2025-09-15 11:45:39.673248 - INFOAGG False: 2025-09-15 11:40:00[34m-------------------[34m-------------------Monday - 2025-09-15 11:45:41.236807 - INFO31 of 85. Backfilling from specified date 2025-09-12 - 15:37:00 for: AGI[34m-------------------[34m-------------------Monday - 2025-09-15 11:45:44.813557 - INFO31 of 85. Adding records for... AGI[34m-------------------[34m-------------------Monday - 2025-09-15 11:48:17.217165 - INFO31 of 85. AGI - Backfilled to present.[34m-------------------[34m-------------------Monday - 2025-09-15 11:48:17.629004 - INFOAGI Trade Status: (0, 0, 0, 0)[34m-------------------[34m-------------------Monday - 2025-09-15 11:51:14.075629 - INFOAGI False: 2025-09-15 11:45:00[34m-------------------[34m-------------------Monday - 2025-09-15 11:51:15.388801 - INFO32 of 85. Backfilling from specified date 2025-09-12 - 15:40:00 for: AGIO[34m-------------------[34m-------------------Monday - 2025-09-15 11:51:22.453802 - INFO32 of 85. Adding records for... AGIO[34m-------------------[34m-------------------Monday - 2025-09-15 11:53:21.049197 - INFO32 of 85. AGIO - Backfilled to present.[34m-------------------[34m-------------------Monday - 2025-09-15 11:53:21.428184 - INFOAGIO Trade Status: (0, 0, 0, 0)[34m-------------------[34m-------------------Monday - 2025-09-15 11:56:14.830002 - INFOAGIO False: 2025-09-15 11:51:00[34m-------------------[34m-------------------Monday - 2025-09-15 11:56:16.320768 - INFO33 of 85. Backfilling from specified date 2025-09-12 - 14:05:00 for: AGL[34m-------------------[34m-------------------Monday - 2025-09-15 11:56:20.120703 - INFO33 of 85. Adding records for... AGL[34m-------------------[34m-------------------Monday - 2025-09-15 11:56:20.453688 - INFO33 of 85. AGL - Backfilled to present.[34m-------------------[34m-------------------Monday - 2025-09-15 11:56:20.841541 - INFOAGL Trade Status: (0, 0, 0, 0)[34m-------------------[34m-------------------Monday - 2025-09-15 11:56:23.580036 - INFO34 of 85. Backfilling from specified date 2025-09-12 - 14:06:00 for: AGMH[34m-------------------[34m-------------------Monday - 2025-09-15 11:56:26.581092 - INFO34 of 85. Adding records for... AGMH[34m-------------------[34m-------------------Monday - 2025-09-15 11:56:26.677258 - INFO34 of 85. AGMH - Backfilled to present.[34m-------------------[34m-------------------Monday - 2025-09-15 11:56:27.075334 - INFOAGMH Trade Status: (0, 0, 0, 0)[34m-------------------[34m-------------------Monday - 2025-09-15 11:56:30.024641 - INFO35 of 85. Backfilling from specified date 2025-09-12 - 14:07:00 for: AGNC[34m-------------------[34m-------------------Monday - 2025-09-15 11:56:33.792992 - INFO35 of 85. Adding records for... AGNC[34m-------------------[34m-------------------Monday - 2025-09-15 11:59:54.195754 - INFO35 of 85. AGNC - Backfilled to present.[34m-------------------[34m-------------------Monday - 2025-09-15 11:59:54.590536 - INFOAGNC Trade Status: (0, 0, 0, 0)[34m-------------------[34m-------------------Monday - 2025-09-15 12:02:57.767818 - INFOAGNC False: 2025-09-15 11:56:00[34m-------------------[34m-------------------Monday - 2025-09-15 12:02:58.957185 - INFO36 of 85. Backfilling from specified date 2025-09-12 - 14:09:00 for: AGO[34m-------------------[34m-------------------Monday - 2025-09-15 12:03:02.130378 - INFO36 of 85. Adding records for... AGO[34m-------------------[34m-------------------Monday - 2025-09-15 12:04:53.042447 - INFO36 of 85. AGO - Backfilled to present.[34m-------------------[34m-------------------Monday - 2025-09-15 12:04:53.470247 - INFOAGO Trade Status: (0, 0, 0, 0)[34m-------------------[34m-------------------Monday - 2025-09-15 12:07:17.645741 - INFOAGO False: 2025-09-15 12:02:00[34m-------------------[34m-------------------Monday - 2025-09-15 12:07:18.351963 - INFO37 of 85. Backfilling from specified date 2025-09-12 - 14:12:00 for: AGQ[34m-------------------[34m-------------------Monday - 2025-09-15 12:07:20.779141 - INFO37 of 85. Adding records for... AGQ[34m-------------------[34m-------------------Monday - 2025-09-15 12:08:34.136966 - INFO37 of 85. AGQ - Backfilled to present.[34m-------------------[34m-------------------Monday - 2025-09-15 12:08:34.296420 - INFOAGQ Trade Status: (0, 0, 0, 0)[34m-------------------[34m-------------------Monday - 2025-09-15 12:10:03.502145 - INFOAGQ False: 2025-09-15 12:07:00[34m-------------------[34m-------------------Monday - 2025-09-15 12:10:04.012602 - INFO38 of 85. Backfilling from specified date 2025-09-12 - 14:14:00 for: AGRO[34m-------------------[34m-------------------Monday - 2025-09-15 12:10:05.964471 - INFO38 of 85. Adding records for... AGRO[34m-------------------[34m-------------------Monday - 2025-09-15 12:10:55.532984 - INFO38 of 85. AGRO - Backfilled to present.[34m-------------------[34m-------------------Monday - 2025-09-15 12:10:55.707761 - INFOAGRO Trade Status: (0, 0, 0, 0)[34m-------------------[34m-------------------Monday - 2025-09-15 12:12:24.862818 - INFOAGRO False: 2025-09-15 12:09:00[34m-------------------[34m-------------------Monday - 2025-09-15 12:12:25.692275 - INFO39 of 85. Backfilling from specified date 2025-09-12 - 14:14:00 for: AGX[34m-------------------[34m-------------------Monday - 2025-09-15 12:12:27.569194 - INFO39 of 85. Adding records for... AGX[34m-------------------[34m-------------------Monday - 2025-09-15 12:13:22.061584 - INFO39 of 85. AGX - Backfilled to present.[34m-------------------[34m-------------------Monday - 2025-09-15 12:13:22.199132 - INFOAGX Trade Status: (0, 0, 0, 0)[34m-------------------[34m-------------------Monday - 2025-09-15 12:14:52.569810 - INFOAGX False: 2025-09-15 12:11:00[34m-------------------[34m-------------------Monday - 2025-09-15 12:14:53.214301 - INFO40 of 85. Backfilling from specified date 2025-09-12 - 14:17:00 for: AHCO[34m-------------------[34m-------------------Monday - 2025-09-15 12:14:55.208937 - INFO40 of 85. Adding records for... AHCO[34m-------------------[34m-------------------Monday - 2025-09-15 12:15:55.965555 - INFO40 of 85. AHCO - Backfilled to present.[34m-------------------[34m-------------------Monday - 2025-09-15 12:15:56.141816 - INFOAHCO Trade Status: (0, 0, 0, 0)[34m-------------------[34m-------------------Monday - 2025-09-15 12:17:41.636624 - INFOAHCO False: 2025-09-15 12:14:00[34m-------------------[34m-------------------Monday - 2025-09-15 12:17:42.386155 - INFO41 of 85. Backfilling from specified date 2025-09-12 - 14:21:00 for: AHH[34m-------------------[34m-------------------Monday - 2025-09-15 12:17:44.431012 - INFO41 of 85. Adding records for... AHH[34m-------------------[34m-------------------Monday - 2025-09-15 12:18:46.525842 - INFO41 of 85. AHH - Backfilled to present.[34m-------------------[34m-------------------Monday - 2025-09-15 12:18:46.737081 - INFOAHH Trade Status: (0, 0, 0, 0)[34m-------------------[34m-------------------Monday - 2025-09-15 12:20:31.452475 - INFOAHH False: 2025-09-15 12:17:00[34m-------------------[34m-------------------Monday - 2025-09-15 12:20:32.211581 - INFO42 of 85. Backfilling from specified date 2025-09-12 - 14:24:00 for: AHR[34m-------------------[34m-------------------Monday - 2025-09-15 12:20:34.588529 - INFO42 of 85. Adding records for... AHR[34m-------------------[34m-------------------Monday - 2025-09-15 12:21:45.992645 - INFO42 of 85. AHR - Backfilled to present.[34m-------------------[34m-------------------Monday - 2025-09-15 12:21:46.156003 - INFOAHR Trade Status: (0, 0, 0, 0)[34m-------------------[34m-------------------Monday - 2025-09-15 12:23:24.513973 - INFOAHR False: 2025-09-15 12:20:00[34m-------------------[34m-------------------Monday - 2025-09-15 12:23:25.323206 - INFO43 of 85. Backfilling from specified date 2025-09-12 - 16:00:00 for: ADEA[34m-------------------[34m-------------------Monday - 2025-09-15 12:23:27.348319 - INFO43 of 85. Adding records for... ADEA[34m-------------------[34m-------------------Monday - 2025-09-15 12:24:19.103386 - INFO43 of 85. ADEA - Backfilled to present.[34m-------------------[34m-------------------Monday - 2025-09-15 12:24:19.283419 - INFOADEA Trade Status: (0, 0, 0, 0)[34m-------------------[34m-------------------Monday - 2025-09-15 12:25:54.274374 - INFOADEA False: 2025-09-15 12:23:00[34m-------------------[34m-------------------Monday - 2025-09-15 12:25:55.402048 - INFO44 of 85. Backfilling from specified date 2025-09-12 - 16:07:00 for: ADI[34m-------------------[34m-------------------Monday - 2025-09-15 12:25:57.783671 - INFO44 of 85. Adding records for... ADI[34m-------------------[34m-------------------Monday - 2025-09-15 12:27:08.291476 - INFO44 of 85. ADI - Backfilled to present.[34m-------------------[34m-------------------Monday - 2025-09-15 12:27:08.428460 - INFOADI Trade Status: (0, 0, 0, 0)[34m-------------------[34m-------------------Monday - 2025-09-15 12:28:46.318766 - INFOADI False: 2025-09-15 12:25:00[34m-------------------[34m-------------------Monday - 2025-09-15 12:28:47.384698 - INFO45 of 85. Backfilling from specified date 2025-09-12 - 16:07:00 for: ADM[34m-------------------[34m-------------------Monday - 2025-09-15 12:28:49.853513 - INFO45 of 85. Adding records for... ADM[34m-------------------[34m-------------------Monday - 2025-09-15 12:29:58.110850 - INFO45 of 85. ADM - Backfilled to present.[34m-------------------[34m-------------------Monday - 2025-09-15 12:29:58.254368 - INFOADM Trade Status: (0, 0, 0, 0)[34m-------------------[34m-------------------Monday - 2025-09-15 12:31:31.129796 - INFOADM False: 2025-09-15 12:28:00[34m-------------------[34m-------------------Monday - 2025-09-15 12:31:31.820573 - INFO46 of 85. Backfilling from specified date 2025-09-12 - 17:33:00 for: ADMA[34m-------------------[34m-------------------Monday - 2025-09-15 12:31:33.968988 - INFO46 of 85. Adding records for... ADMA[34m-------------------[34m-------------------Monday - 2025-09-15 12:32:41.996527 - INFO46 of 85. ADMA - Backfilled to present.[34m-------------------[34m-------------------Monday - 2025-09-15 12:32:42.130237 - INFOADMA Trade Status: (1, 1, 1, 0)[34m-------------------[34m-------------------Monday - 2025-09-15 12:33:04.802352 - INFOADMA False: 2025-09-15 12:31:00[34m-------------------[34m-------------------Monday - 2025-09-15 12:33:05.922733 - INFO47 of 85. Backfilling from specified date 2025-09-12 - 16:17:00 for: ADNT[34m-------------------[34m-------------------Monday - 2025-09-15 12:33:08.157377 - INFO47 of 85. Adding records for... ADNT[34m-------------------[34m-------------------Monday - 2025-09-15 12:34:15.551111 - INFO47 of 85. ADNT - Backfilled to present.[34m-------------------[34m-------------------Monday - 2025-09-15 12:34:15.823673 - INFOADNT Trade Status: (0, 0, 0, 0)[34m-------------------[34m-------------------Monday - 2025-09-15 12:35:57.886122 - INFOADNT False: 2025-09-15 12:32:00[34m-------------------[34m-------------------Monday - 2025-09-15 12:35:58.569728 - INFO48 of 85. Backfilling from specified date 2025-09-12 - 16:53:00 for: ADP[34m-------------------[34m-------------------Monday - 2025-09-15 12:36:00.802969 - INFO48 of 85. Adding records for... ADP[34m-------------------[34m-------------------Monday - 2025-09-15 12:37:08.916701 - INFO48 of 85. ADP - Backfilled to present.[34m-------------------[34m-------------------Monday - 2025-09-15 12:37:09.141573 - INFOADP Trade Status: (0, 0, 0, 0)[34m-------------------[34m-------------------Monday - 2025-09-15 12:38:51.305239 - INFOADP False: 2025-09-15 12:35:00[34m-------------------[34m-------------------Monday - 2025-09-15 12:38:51.931426 - INFO49 of 85. Backfilling from specified date 2025-09-12 - 17:36:00 for: ADPT[34m-------------------[34m-------------------Monday - 2025-09-15 12:38:54.158969 - INFO49 of 85. Adding records for... ADPT[34m-------------------[34m-------------------Monday - 2025-09-15 12:39:57.002617 - INFO49 of 85. ADPT - Backfilled to present.[34m-------------------[34m-------------------Monday - 2025-09-15 12:39:57.183049 - INFOADPT Trade Status: (0, 0, 0, 0)[34m-------------------[34m-------------------Monday - 2025-09-15 12:41:38.852170 - INFOADPT False: 2025-09-15 12:38:00[34m-------------------[34m-------------------Monday - 2025-09-15 12:41:40.165198 - INFO50 of 85. Backfilling from specified date 2025-09-12 - 16:00:00 for: ADSK[34m-------------------[34m-------------------Monday - 2025-09-15 12:41:42.447180 - INFO50 of 85. Adding records for... ADSK[34m-------------------[34m-------------------Monday - 2025-09-15 12:42:44.416648 - INFO50 of 85. ADSK - Backfilled to present.[34m-------------------[34m-------------------Monday - 2025-09-15 12:42:44.668578 - INFOADSK Trade Status: (0, 0, 0, 0)[34m-------------------[34m-------------------Monday - 2025-09-15 12:44:23.881978 - INFOADSK False: 2025-09-15 12:41:00[34m-------------------[34m-------------------Monday - 2025-09-15 12:44:24.745029 - INFO51 of 85. Backfilling from specified date 2025-09-12 - 19:16:00 for: ADT[34m-------------------[34m-------------------Monday - 2025-09-15 12:44:27.215052 - INFO51 of 85. Adding records for... ADT[34m-------------------[34m-------------------Monday - 2025-09-15 12:45:44.149170 - INFO51 of 85. ADT - Backfilled to present.[34m-------------------[34m-------------------Monday - 2025-09-15 12:45:44.351114 - INFOADT Trade Status: (0, 0, 0, 0)[34m-------------------[34m-------------------Monday - 2025-09-15 12:47:25.497773 - INFOADT False: 2025-09-15 12:44:00[34m-------------------[34m-------------------Monday - 2025-09-15 12:47:26.321949 - INFO52 of 85. Backfilling from specified date 2025-09-12 - 19:37:00 for: ADTN[34m-------------------[34m-------------------Monday - 2025-09-15 12:47:28.877917 - INFO52 of 85. Adding records for... ADTN[34m-------------------[34m-------------------Monday - 2025-09-15 12:48:35.150607 - INFO52 of 85. ADTN - Backfilled to present.[34m-------------------[34m-------------------Monday - 2025-09-15 12:48:35.339604 - INFOADTN Trade Status: (0, 0, 0, 0)[34m-------------------[34m-------------------Monday - 2025-09-15 12:50:16.154770 - INFOADTN False: 2025-09-15 12:45:00[34m-------------------[34m-------------------Monday - 2025-09-15 12:50:16.688582 - INFO53 of 85. Backfilling from specified date 2025-09-12 - 14:51:00 for: ADTX[34m-------------------[34m-------------------Monday - 2025-09-15 12:50:18.732585 - INFO53 of 85. Adding records for... ADTX[34m-------------------[34m-------------------Monday - 2025-09-15 12:50:18.769947 - INFO53 of 85. ADTX - Backfilled to present.[34m-------------------[34m-------------------Monday - 2025-09-15 12:50:18.936564 - INFOADTX Trade Status: (0, 0, 0, 0)[34m-------------------[34m-------------------Monday - 2025-09-15 12:50:20.245902 - INFO54 of 85. Backfilling from specified date 2025-09-12 - 14:52:00 for: ADV[34m-------------------[34m-------------------Monday - 2025-09-15 12:50:22.528349 - INFO54 of 85. Adding records for... ADV[34m-------------------[34m-------------------Monday - 2025-09-15 12:50:22.588331 - INFO54 of 85. ADV - Backfilled to present.[34m-------------------[34m-------------------Monday - 2025-09-15 12:50:22.792431 - INFOADV Trade Status: (0, 0, 0, 0)[34m-------------------[34m-------------------Monday - 2025-09-15 12:50:24.291077 - INFO55 of 85. Backfilling from specified date 2025-09-12 - 17:59:00 for: ADX[34m-------------------[34m-------------------Monday - 2025-09-15 12:50:26.503453 - INFO55 of 85. Adding records for... ADX[34m-------------------[34m-------------------Monday - 2025-09-15 12:51:15.431338 - INFO55 of 85. ADX - Backfilled to present.[34m-------------------[34m-------------------Monday - 2025-09-15 12:51:15.618389 - INFOADX Trade Status: (0, 0, 0, 0)[34m-------------------[34m-------------------Monday - 2025-09-15 12:52:50.583728 - INFOADX False: 2025-09-15 12:49:00[34m-------------------[34m-------------------Monday - 2025-09-15 12:52:51.941055 - INFO56 of 85. Backfilling from specified date 2025-09-12 - 16:03:00 for: AEE[34m-------------------[34m-------------------Monday - 2025-09-15 12:52:54.193189 - INFO56 of 85. Adding records for... AEE[34m-------------------[34m-------------------Monday - 2025-09-15 12:53:56.423518 - INFO56 of 85. AEE - Backfilled to present.[34m-------------------[34m-------------------Monday - 2025-09-15 12:53:56.608097 - INFOAEE Trade Status: (0, 0, 0, 0)[34m-------------------[34m-------------------Monday - 2025-09-15 12:55:31.819205 - INFOAEE False: 2025-09-15 12:52:00[34m-------------------[34m-------------------Monday - 2025-09-15 12:55:32.848325 - INFO57 of 85. Backfilling from specified date 2025-09-12 - 16:01:00 for: AEG[34m-------------------[34m-------------------Monday - 2025-09-15 12:55:35.093171 - INFO57 of 85. Adding records for... AEG[34m-------------------[34m-------------------Monday - 2025-09-15 12:56:39.551391 - INFO57 of 85. AEG - Backfilled to present.[34m-------------------[34m-------------------Monday - 2025-09-15 12:56:39.731891 - INFOAEG Trade Status: (0, 0, 0, 0)[34m-------------------[34m-------------------Monday - 2025-09-15 12:58:15.760684 - INFOAEG False: 2025-09-15 12:55:00[34m-------------------[34m-------------------Monday - 2025-09-15 12:58:16.825318 - INFO58 of 85. Backfilling from specified date 2025-09-12 - 19:57:00 for: AEHR[34m-------------------[34m-------------------Monday - 2025-09-15 12:58:18.914698 - INFO58 of 85. Adding records for... AEHR[34m-------------------[34m-------------------Monday - 2025-09-15 12:59:24.547370 - INFO58 of 85. AEHR - Backfilled to present.[34m-------------------[34m-------------------Monday - 2025-09-15 12:59:24.720325 - INFOAEHR Trade Status: (0, 0, 0, 0)[34m-------------------[34m-------------------Monday - 2025-09-15 13:01:06.387668 - INFOAEHR False: 2025-09-15 12:58:00[34m-------------------[34m-------------------Monday - 2025-09-15 13:01:07.614554 - INFO59 of 85. Backfilling from specified date 2025-09-12 - 19:49:00 for: AEM[34m-------------------[34m-------------------Monday - 2025-09-15 13:01:09.995142 - INFO59 of 85. Adding records for... AEM[34m-------------------[34m-------------------Monday - 2025-09-15 13:02:20.664759 - INFO59 of 85. AEM - Backfilled to present.[34m-------------------[34m-------------------Monday - 2025-09-15 13:02:20.881676 - INFOAEM Trade Status: (0, 0, 0, 0)[34m-------------------[34m-------------------Monday - 2025-09-15 13:03:56.852447 - INFOAEM False: 2025-09-15 13:00:00[34m-------------------[34m-------------------Monday - 2025-09-15 13:03:58.310273 - INFO60 of 85. Backfilling from specified date 2025-09-12 - 19:56:00 for: AEO[34m-------------------[34m-------------------Monday - 2025-09-15 13:04:00.710039 - INFO60 of 85. Adding records for... AEO[34m-------------------[34m-------------------Monday - 2025-09-15 13:05:21.661844 - INFO60 of 85. AEO - Backfilled to present.[34m-------------------[34m-------------------Monday - 2025-09-15 13:05:21.833429 - INFOAEO Trade Status: (0, 0, 0, 0)[34m-------------------[34m-------------------Monday - 2025-09-15 13:06:57.942203 - INFOAEO False: 2025-09-15 13:03:00[34m-------------------[34m-------------------Monday - 2025-09-15 13:06:58.804401 - INFO61 of 85. Backfilling from specified date 2025-09-12 - 16:00:00 for: AEP[34m-------------------[34m-------------------Monday - 2025-09-15 13:07:00.937216 - INFO61 of 85. Adding records for... AEP[34m-------------------[34m-------------------Monday - 2025-09-15 13:08:09.332675 - INFO61 of 85. AEP - Backfilled to present.[34m-------------------[34m-------------------Monday - 2025-09-15 13:08:09.495891 - INFOAEP Trade Status: (1, 1, 1, 0)[34m*******************[34m*******************Monday - 2025-09-15 13:08:28.441301 - ERRORTraceback (most recent call last):
  File "C:\Users\Brandon\Desktop\LootLoader\LootLoader_CharlesSchwab\LLLib_Charles_Schwab_1.py", line 5000, in Attempt_Sell_at_MarketValue
    sellPrice = Pull_From_Schwab_Management.Get_BuyPrice_from_orderID(orderID)
  File "C:\Users\Brandon\Desktop\LootLoader\LootLoader_CharlesSchwab\LLLib_Charles_Schwab_1.py", line 5638, in Get_BuyPrice_from_orderID
    for item in tradeData['orderActivityCollection'][0]['executionLegs']:
                ~~~~~~~~~^^^^^^^^^^^^^^^^^^^^^^^^^^^
KeyError: 'orderActivityCollection'

During handling of the above exception, another exception occurred:

Traceback (most recent call last):
  File "C:\Users\Brandon\Desktop\LootLoader\LootLoader_CharlesSchwab\LLLib_Charles_Schwab_1.py", line 5003, in Attempt_Sell_at_MarketValue
    sellPrice = Pull_From_Schwab_Management.Get_BuyPrice_from_orderID(orderID)
  File "C:\Users\Brandon\Desktop\LootLoader\LootLoader_CharlesSchwab\LLLib_Charles_Schwab_1.py", line 5638, in Get_BuyPrice_from_orderID
    for item in tradeData['orderActivityCollection'][0]['executionLegs']:
                ~~~~~~~~~^^^^^^^^^^^^^^^^^^^^^^^^^^^
KeyError: 'orderActivityCollection'
[34m-------------------[34m-------------------Monday - 2025-09-15 13:08:29.167846 - INFO62 of 85. Backfilling from specified date 2025-09-12 - 16:32:00 for: AER[34m-------------------[34m-------------------Monday - 2025-09-15 13:08:31.502686 - INFO62 of 85. Adding records for... AER[34m-------------------[34m-------------------Monday - 2025-09-15 13:09:34.865924 - INFO62 of 85. AER - Backfilled to present.[34m-------------------[34m-------------------Monday - 2025-09-15 13:09:35.054238 - INFOAER Trade Status: (0, 0, 0, 0)[34m-------------------[34m-------------------Monday - 2025-09-15 13:11:09.959215 - INFOAER False: 2025-09-15 13:07:00[34m-------------------[34m-------------------Monday - 2025-09-15 13:11:10.953890 - INFO63 of 85. Backfilling from specified date 2025-09-12 - 19:16:00 for: AES[34m-------------------[34m-------------------Monday - 2025-09-15 13:11:13.546995 - INFO63 of 85. Adding records for... AES[34m-------------------[34m-------------------Monday - 2025-09-15 13:12:26.147088 - INFO63 of 85. AES - Backfilled to present.[34m-------------------[34m-------------------Monday - 2025-09-15 13:12:26.316270 - INFOAES Trade Status: (0, 0, 0, 0)[34m-------------------[34m-------------------Monday - 2025-09-15 13:14:04.503631 - INFOAES False: 2025-09-15 13:11:00[34m-------------------[34m-------------------Monday - 2025-09-15 13:14:05.133304 - INFO64 of 85. Backfilling from specified date 2025-09-12 - 16:16:00 for: AESI[34m-------------------[34m-------------------Monday - 2025-09-15 13:14:06.971420 - INFO64 of 85. Adding records for... AESI[34m-------------------[34m-------------------Monday - 2025-09-15 13:15:12.548457 - INFO64 of 85. AESI - Backfilled to present.[34m-------------------[34m-------------------Monday - 2025-09-15 13:15:12.719206 - INFOAESI Trade Status: (1, 1, 1, 0)[34m-------------------[34m-------------------Monday - 2025-09-15 13:15:33.836203 - INFOAESI False: 2025-09-15 13:13:00[34m-------------------[34m-------------------Monday - 2025-09-15 13:15:34.964568 - INFO65 of 85. Backfilling from specified date 2025-09-12 - 19:16:00 for: AEVA[34m-------------------[34m-------------------Monday - 2025-09-15 13:15:37.322216 - INFO65 of 85. Adding records for... AEVA[34m-------------------[34m-------------------Monday - 2025-09-15 13:16:49.414763 - INFO65 of 85. AEVA - Backfilled to present.[34m-------------------[34m-------------------Monday - 2025-09-15 13:16:49.609919 - INFOAEVA Trade Status: (0, 0, 0, 0)[34m-------------------[34m-------------------Monday - 2025-09-15 13:18:27.882312 - INFOAEVA False: 2025-09-15 13:15:00[34m-------------------[34m-------------------Monday - 2025-09-15 13:18:29.475031 - INFO66 of 85. Backfilling from specified date 2025-09-12 - 16:01:00 for: AFG[34m-------------------[34m-------------------Monday - 2025-09-15 13:18:31.299502 - INFO66 of 85. Adding records for... AFG[34m-------------------[34m-------------------Monday - 2025-09-15 13:19:23.354364 - INFO66 of 85. AFG - Backfilled to present.[34m-------------------[34m-------------------Monday - 2025-09-15 13:19:23.517913 - INFOAFG Trade Status: (0, 0, 0, 0)[34m-------------------[34m-------------------Monday - 2025-09-15 13:20:57.691915 - INFOAFG False: 2025-09-15 13:18:00[34m-------------------[34m-------------------Monday - 2025-09-15 13:20:59.779271 - INFO67 of 85. Backfilling from specified date 2025-09-12 - 17:42:00 for: AFL[34m-------------------[34m-------------------Monday - 2025-09-15 13:21:02.081894 - INFO67 of 85. Adding records for... AFL[34m-------------------[34m-------------------Monday - 2025-09-15 13:22:09.346618 - INFO67 of 85. AFL - Backfilled to present.[34m-------------------[34m-------------------Monday - 2025-09-15 13:22:09.528439 - INFOAFL Trade Status: (0, 0, 0, 0)[34m-------------------[34m-------------------Monday - 2025-09-15 13:23:45.122269 - INFOAFL False: 2025-09-15 13:20:00[34m-------------------[34m-------------------Monday - 2025-09-15 13:23:45.994205 - INFO68 of 85. Backfilling from specified date 2025-09-12 - 19:38:00 for: AFRM[34m-------------------[34m-------------------Monday - 2025-09-15 13:23:48.966899 - INFO68 of 85. Adding records for... AFRM[34m-------------------[34m-------------------Monday - 2025-09-15 13:25:08.712072 - INFO68 of 85. AFRM - Backfilled to present.[34m-------------------[34m-------------------Monday - 2025-09-15 13:25:08.891631 - INFOAFRM Trade Status: (0, 0, 0, 0)[34m-------------------[34m-------------------Monday - 2025-09-15 13:26:50.543936 - INFOAFRM False: 2025-09-15 13:23:00[34m-------------------[34m-------------------Monday - 2025-09-15 13:26:51.133601 - INFO69 of 85. Backfilling from specified date 2025-09-12 - 19:59:00 for: AG[34m-------------------[34m-------------------Monday - 2025-09-15 13:26:53.360036 - INFO69 of 85. Adding records for... AG[34m-------------------[34m-------------------Monday - 2025-09-15 13:28:15.633561 - INFO69 of 85. AG - Backfilled to present.[34m-------------------[34m-------------------Monday - 2025-09-15 13:28:15.828683 - INFOAG Trade Status: (0, 0, 0, 0)[34m-------------------[34m-------------------Monday - 2025-09-15 13:29:53.242029 - INFOAG False: 2025-09-15 13:26:00[34m-------------------[34m-------------------Monday - 2025-09-15 13:29:53.771458 - INFO70 of 85. Backfilling from specified date 2025-09-12 - 16:01:00 for: AGCO[34m-------------------[34m-------------------Monday - 2025-09-15 13:29:55.900104 - INFO70 of 85. Adding records for... AGCO[34m-------------------[34m-------------------Monday - 2025-09-15 13:30:51.786892 - INFO70 of 85. AGCO - Backfilled to present.[34m-------------------[34m-------------------Monday - 2025-09-15 13:30:51.978221 - INFOAGCO Trade Status: (0, 0, 0, 0)[34m-------------------[34m-------------------Monday - 2025-09-15 13:32:28.970105 - INFOAGCO False: 2025-09-15 13:26:00[34m-------------------[34m-------------------Monday - 2025-09-15 13:32:29.658071 - INFO71 of 85. Backfilling from specified date 2025-09-12 - 15:31:00 for: AGEN[34m-------------------[34m-------------------Monday - 2025-09-15 13:32:31.490618 - INFO71 of 85. Adding records for... AGEN[34m-------------------[34m-------------------Monday - 2025-09-15 13:32:31.617064 - INFO71 of 85. AGEN - Backfilled to present.[34m-------------------[34m-------------------Monday - 2025-09-15 13:32:31.807023 - INFOAGEN Trade Status: (0, 0, 0, 0)[34m-------------------[34m-------------------Monday - 2025-09-15 13:32:32.996529 - INFO72 of 85. Backfilling from specified date 2025-09-12 - 17:42:00 for: AGG[34m-------------------[34m-------------------Monday - 2025-09-15 13:32:35.183260 - INFO72 of 85. Adding records for... AGG[34m-------------------[34m-------------------Monday - 2025-09-15 13:33:46.616174 - INFO72 of 85. AGG - Backfilled to present.[34m-------------------[34m-------------------Monday - 2025-09-15 13:33:46.793774 - INFOAGG Trade Status: (0, 0, 0, 0)[34m-------------------[34m-------------------Monday - 2025-09-15 13:35:26.252739 - INFOAGG False: 2025-09-15 13:32:00[34m-------------------[34m-------------------Monday - 2025-09-15 13:35:26.942573 - INFO73 of 85. Backfilling from specified date 2025-09-12 - 19:48:00 for: AGI[34m-------------------[34m-------------------Monday - 2025-09-15 13:35:29.070763 - INFO73 of 85. Adding records for... AGI[34m-------------------[34m-------------------Monday - 2025-09-15 13:36:42.391689 - INFO73 of 85. AGI - Backfilled to present.[34m-------------------[34m-------------------Monday - 2025-09-15 13:36:42.625560 - INFOAGI Trade Status: (0, 0, 0, 0)[34m-------------------[34m-------------------Monday - 2025-09-15 13:38:23.197847 - INFOAGI False: 2025-09-15 13:35:00[34m-------------------[34m-------------------Monday - 2025-09-15 13:38:23.856194 - INFO74 of 85. Backfilling from specified date 2025-09-12 - 16:00:00 for: AGIO[34m-------------------[34m-------------------Monday - 2025-09-15 13:38:25.834615 - INFO74 of 85. Adding records for... AGIO[34m-------------------[34m-------------------Monday - 2025-09-15 13:39:19.986644 - INFO74 of 85. AGIO - Backfilled to present.[34m-------------------[34m-------------------Monday - 2025-09-15 13:39:20.174722 - INFOAGIO Trade Status: (0, 0, 0, 0)[34m-------------------[34m-------------------Monday - 2025-09-15 13:40:55.152610 - INFOAGIO False: 2025-09-15 13:37:00[34m-------------------[34m-------------------Monday - 2025-09-15 13:40:55.854774 - INFO75 of 85. Backfilling from specified date 2025-09-12 - 14:05:00 for: AGL[34m-------------------[34m-------------------Monday - 2025-09-15 13:40:58.101546 - INFO75 of 85. Adding records for... AGL[34m-------------------[34m-------------------Monday - 2025-09-15 13:40:58.279608 - INFO75 of 85. AGL - Backfilled to present.[34m-------------------[34m-------------------Monday - 2025-09-15 13:40:58.495256 - INFOAGL Trade Status: (0, 0, 0, 0)[34m-------------------[34m-------------------Monday - 2025-09-15 13:40:59.745542 - INFO76 of 85. Backfilling from specified date 2025-09-12 - 14:06:00 for: AGMH[34m-------------------[34m-------------------Monday - 2025-09-15 13:41:01.822751 - INFO76 of 85. Adding records for... AGMH[34m-------------------[34m-------------------Monday - 2025-09-15 13:41:01.863139 - INFO76 of 85. AGMH - Backfilled to present.[34m-------------------[34m-------------------Monday - 2025-09-15 13:41:02.052947 - INFOAGMH Trade Status: (0, 0, 0, 0)[34m-------------------[34m-------------------Monday - 2025-09-15 13:41:03.385741 - INFO77 of 85. Backfilling from specified date 2025-09-12 - 19:59:00 for: AGNC[34m-------------------[34m-------------------Monday - 2025-09-15 13:41:06.022364 - INFO77 of 85. Adding records for... AGNC[34m-------------------[34m-------------------Monday - 2025-09-15 13:42:31.510910 - INFO77 of 85. AGNC - Backfilled to present.[34m-------------------[34m-------------------Monday - 2025-09-15 13:42:31.650425 - INFOAGNC Trade Status: (0, 0, 0, 0)[34m-------------------[34m-------------------Monday - 2025-09-15 13:44:12.947692 - INFOAGNC False: 2025-09-15 13:40:00[34m-------------------[34m-------------------Monday - 2025-09-15 13:44:13.559914 - INFO78 of 85. Backfilling from specified date 2025-09-12 - 17:41:00 for: AGO[34m-------------------[34m-------------------Monday - 2025-09-15 13:44:15.711443 - INFO78 of 85. Adding records for... AGO[34m-------------------[34m-------------------Monday - 2025-09-15 13:45:06.369625 - INFO78 of 85. AGO - Backfilled to present.[34m-------------------[34m-------------------Monday - 2025-09-15 13:45:06.531391 - INFOAGO Trade Status: (0, 0, 0, 0)[34m-------------------[34m-------------------Monday - 2025-09-15 13:46:39.365585 - INFOAGO False: 2025-09-15 13:41:00[34m-------------------[34m-------------------Monday - 2025-09-15 13:46:40.184782 - INFO79 of 85. Backfilling from specified date 2025-09-12 - 19:55:00 for: AGQ[34m-------------------[34m-------------------Monday - 2025-09-15 13:46:42.457257 - INFO79 of 85. Adding records for... AGQ[34m-------------------[34m-------------------Monday - 2025-09-15 13:48:13.639656 - INFO79 of 85. AGQ - Backfilled to present.[34m-------------------[34m-------------------Monday - 2025-09-15 13:48:13.787586 - INFOAGQ Trade Status: (0, 0, 0, 0)[34m-------------------[34m-------------------Monday - 2025-09-15 13:49:55.076905 - INFOAGQ False: 2025-09-15 13:46:00[34m-------------------[34m-------------------Monday - 2025-09-15 13:49:55.677053 - INFO80 of 85. Backfilling from specified date 2025-09-12 - 17:33:00 for: AGRO[34m-------------------[34m-------------------Monday - 2025-09-15 13:49:57.848966 - INFO80 of 85. Adding records for... AGRO[34m-------------------[34m-------------------Monday - 2025-09-15 13:50:50.265958 - INFO80 of 85. AGRO - Backfilled to present.[34m-------------------[34m-------------------Monday - 2025-09-15 13:50:50.430509 - INFOAGRO Trade Status: (0, 0, 0, 0)[34m-------------------[34m-------------------Monday - 2025-09-15 13:52:26.231916 - INFOAGRO False: 2025-09-15 13:49:00[34m-------------------[34m-------------------Monday - 2025-09-15 13:52:27.158358 - INFO81 of 85. Backfilling from specified date 2025-09-12 - 17:42:00 for: AGX[34m-------------------[34m-------------------Monday - 2025-09-15 13:52:29.006839 - INFO81 of 85. Adding records for... AGX[34m-------------------[34m-------------------Monday - 2025-09-15 13:53:26.289068 - INFO81 of 85. AGX - Backfilled to present.[34m-------------------[34m-------------------Monday - 2025-09-15 13:53:26.432531 - INFOAGX Trade Status: (0, 0, 0, 0)[34m-------------------[34m-------------------Monday - 2025-09-15 13:55:05.672240 - INFOAGX False: 2025-09-15 13:48:00[34m-------------------[34m-------------------Monday - 2025-09-15 13:55:06.349765 - INFO82 of 85. Backfilling from specified date 2025-09-12 - 16:00:00 for: AHCO[34m-------------------[34m-------------------Monday - 2025-09-15 13:55:08.668481 - INFO82 of 85. Adding records for... AHCO[34m-------------------[34m-------------------Monday - 2025-09-15 13:56:12.838372 - INFO82 of 85. AHCO - Backfilled to present.[34m-------------------[34m-------------------Monday - 2025-09-15 13:56:12.994424 - INFOAHCO Trade Status: (0, 0, 0, 0)[34m-------------------[34m-------------------Monday - 2025-09-15 13:57:50.502165 - INFOAHCO False: 2025-09-15 13:52:00[34m-------------------[34m-------------------Monday - 2025-09-15 13:57:51.146518 - INFO83 of 85. Backfilling from specified date 2025-09-12 - 17:27:00 for: AHH[34m-------------------[34m-------------------Monday - 2025-09-15 13:57:53.068142 - INFO83 of 85. Adding records for... AHH[34m-------------------[34m-------------------Monday - 2025-09-15 13:58:50.926767 - INFO83 of 85. AHH - Backfilled to present.[34m-------------------[34m-------------------Monday - 2025-09-15 13:58:51.085135 - INFOAHH Trade Status: (0, 0, 0, 0)[34m-------------------[34m-------------------Monday - 2025-09-15 14:00:25.981188 - INFOAHH False: 2025-09-15 13:55:00[34m-------------------[34m-------------------Monday - 2025-09-15 14:00:26.717073 - INFO84 of 85. Backfilling from specified date 2025-09-12 - 16:32:00 for: AHR[34m-------------------[34m-------------------Monday - 2025-09-15 14:00:29.140975 - INFO84 of 85. Adding records for... AHR[34m-------------------[34m-------------------Monday - 2025-09-15 14:01:39.585916 - INFO84 of 85. AHR - Backfilled to present.[34m-------------------[34m-------------------Monday - 2025-09-15 14:01:39.721239 - INFOAHR Trade Status: (0, 0, 0, 0)[34m-------------------[34m-------------------Monday - 2025-09-15 14:03:14.730304 - INFOAHR False: 2025-09-15 13:59:00[34m-------------------[34m-------------------Monday - 2025-09-15 14:03:15.550528 - INFO1 of 85. Backfilling from specified date 2025-09-12 - 16:00:00 for: ADEA[34m-------------------[34m-------------------Monday - 2025-09-15 14:03:17.533304 - INFO1 of 85. Adding records for... ADEA[34m-------------------[34m-------------------Monday - 2025-09-15 14:04:16.001306 - INFO1 of 85. ADEA - Backfilled to present.[34m-------------------[34m-------------------Monday - 2025-09-15 14:04:16.161739 - INFOADEA Trade Status: (0, 0, 0, 0)[34m-------------------[34m-------------------Monday - 2025-09-15 14:05:48.300551 - INFOADEA False: 2025-09-15 14:03:00[34m-------------------[34m-------------------Monday - 2025-09-15 14:05:49.447398 - INFO2 of 85. Backfilling from specified date 2025-09-12 - 16:07:00 for: ADI[34m-------------------[34m-------------------Monday - 2025-09-15 14:05:51.679433 - INFO2 of 85. Adding records for... ADI[34m-------------------[34m-------------------Monday - 2025-09-15 14:07:13.053470 - INFO2 of 85. ADI - Backfilled to present.[34m-------------------[34m-------------------Monday - 2025-09-15 14:07:13.194465 - INFOADI Trade Status: (0, 0, 0, 0)[34m-------------------[34m-------------------Monday - 2025-09-15 14:08:48.402624 - INFOADI False: 2025-09-15 14:05:00[34m-------------------[34m-------------------Monday - 2025-09-15 14:08:49.525643 - INFO3 of 85. Backfilling from specified date 2025-09-12 - 16:07:00 for: ADM[34m-------------------[34m-------------------Monday - 2025-09-15 14:08:51.770804 - INFO3 of 85. Adding records for... ADM[34m-------------------[34m-------------------Monday - 2025-09-15 14:10:04.177521 - INFO3 of 85. ADM - Backfilled to present.[34m-------------------[34m-------------------Monday - 2025-09-15 14:10:04.362678 - INFOADM Trade Status: (0, 0, 0, 0)[34m-------------------[34m-------------------Monday - 2025-09-15 14:11:39.455249 - INFOADM False: 2025-09-15 14:08:00[34m-------------------[34m-------------------Monday - 2025-09-15 14:11:40.247631 - INFO4 of 85. Backfilling from specified date 2025-09-12 - 17:33:00 for: ADMA[34m-------------------[34m-------------------Monday - 2025-09-15 14:11:42.442762 - INFO4 of 85. Adding records for... ADMA[34m-------------------[34m-------------------Monday - 2025-09-15 14:12:57.192752 - INFO4 of 85. ADMA - Backfilled to present.[34m-------------------[34m-------------------Monday - 2025-09-15 14:12:57.360484 - INFOADMA Trade Status: (1, 1, 1, 0)[34m-------------------[34m-------------------Monday - 2025-09-15 14:13:17.511064 - INFOADMA False: 2025-09-15 14:11:00[34m-------------------[34m-------------------Monday - 2025-09-15 14:13:18.477397 - INFO5 of 85. Backfilling from specified date 2025-09-12 - 16:17:00 for: ADNT[34m-------------------[34m-------------------Monday - 2025-09-15 14:13:20.656563 - INFO5 of 85. Adding records for... ADNT[34m-------------------[34m-------------------Monday - 2025-09-15 14:14:32.457318 - INFO5 of 85. ADNT - Backfilled to present.[34m-------------------[34m-------------------Monday - 2025-09-15 14:14:32.670949 - INFOADNT Trade Status: (0, 0, 0, 0)[34m-------------------[34m-------------------Monday - 2025-09-15 14:16:09.702708 - INFOADNT False: 2025-09-15 14:13:00[34m-------------------[34m-------------------Monday - 2025-09-15 14:16:10.280744 - INFO6 of 85. Backfilling from specified date 2025-09-12 - 16:53:00 for: ADP[34m-------------------[34m-------------------Monday - 2025-09-15 14:16:12.336741 - INFO6 of 85. Adding records for... ADP[34m-------------------[34m-------------------Monday - 2025-09-15 14:17:18.819567 - INFO6 of 85. ADP - Backfilled to present.[34m-------------------[34m-------------------Monday - 2025-09-15 14:17:18.985851 - INFOADP Trade Status: (0, 0, 0, 0)[34m-------------------[34m-------------------Monday - 2025-09-15 14:18:58.139549 - INFOADP False: 2025-09-15 14:16:00[34m-------------------[34m-------------------Monday - 2025-09-15 14:18:58.855417 - INFO7 of 85. Backfilling from specified date 2025-09-12 - 17:36:00 for: ADPT[34m-------------------[34m-------------------Monday - 2025-09-15 14:19:00.921711 - INFO7 of 85. Adding records for... ADPT[34m-------------------[34m-------------------Monday - 2025-09-15 14:20:12.574368 - INFO7 of 85. ADPT - Backfilled to present.[34m-------------------[34m-------------------Monday - 2025-09-15 14:20:12.706851 - INFOADPT Trade Status: (0, 0, 0, 0)[34m-------------------[34m-------------------Monday - 2025-09-15 14:21:47.828941 - INFOADPT False: 2025-09-15 14:18:00[34m-------------------[34m-------------------Monday - 2025-09-15 14:21:49.179820 - INFO8 of 85. Backfilling from specified date 2025-09-12 - 16:00:00 for: ADSK[34m-------------------[34m-------------------Monday - 2025-09-15 14:21:51.623425 - INFO8 of 85. Adding records for... ADSK[34m-------------------[34m-------------------Monday - 2025-09-15 14:22:59.595184 - INFO8 of 85. ADSK - Backfilled to present.[34m-------------------[34m-------------------Monday - 2025-09-15 14:22:59.769691 - INFOADSK Trade Status: (0, 0, 0, 0)[34m-------------------[34m-------------------Monday - 2025-09-15 14:24:36.480051 - INFOADSK False: 2025-09-15 14:21:00[34m-------------------[34m-------------------Monday - 2025-09-15 14:24:37.146392 - INFO9 of 85. Backfilling from specified date 2025-09-12 - 19:16:00 for: ADT[34m-------------------[34m-------------------Monday - 2025-09-15 14:24:39.422993 - INFO9 of 85. Adding records for... ADT[34m-------------------[34m-------------------Monday - 2025-09-15 14:25:50.245858 - INFO9 of 85. ADT - Backfilled to present.[34m-------------------[34m-------------------Monday - 2025-09-15 14:25:50.434386 - INFOADT Trade Status: (0, 0, 0, 0)[34m-------------------[34m-------------------Monday - 2025-09-15 14:27:27.874372 - INFOADT False: 2025-09-15 14:24:00[34m-------------------[34m-------------------Monday - 2025-09-15 14:27:28.543442 - INFO10 of 85. Backfilling from specified date 2025-09-12 - 19:37:00 for: ADTN[34m-------------------[34m-------------------Monday - 2025-09-15 14:27:30.524893 - INFO10 of 85. Adding records for... ADTN[34m-------------------[34m-------------------Monday - 2025-09-15 14:28:31.246812 - INFO10 of 85. ADTN - Backfilled to present.[34m-------------------[34m-------------------Monday - 2025-09-15 14:28:31.434284 - INFOADTN Trade Status: (0, 0, 0, 0)[34m-------------------[34m-------------------Monday - 2025-09-15 14:30:05.515421 - INFOADTN False: 2025-09-15 14:27:00[34m-------------------[34m-------------------Monday - 2025-09-15 14:30:05.996909 - INFO11 of 85. Backfilling from specified date 2025-09-12 - 14:51:00 for: ADTX[34m-------------------[34m-------------------Monday - 2025-09-15 14:30:07.803664 - INFO11 of 85. Adding records for... ADTX[34m-------------------[34m-------------------Monday - 2025-09-15 14:30:07.839390 - INFO11 of 85. ADTX - Backfilled to present.[34m-------------------[34m-------------------Monday - 2025-09-15 14:30:08.001286 - INFOADTX Trade Status: (0, 0, 0, 0)[34m-------------------[34m-------------------Monday - 2025-09-15 14:30:09.303170 - INFO12 of 85. Backfilling from specified date 2025-09-12 - 14:52:00 for: ADV[34m-------------------[34m-------------------Monday - 2025-09-15 14:30:11.264302 - INFO12 of 85. Adding records for... ADV[34m-------------------[34m-------------------Monday - 2025-09-15 14:30:11.329109 - INFO12 of 85. ADV - Backfilled to present.[34m-------------------[34m-------------------Monday - 2025-09-15 14:30:11.474751 - INFOADV Trade Status: (0, 0, 0, 0)[34m-------------------[34m-------------------Monday - 2025-09-15 14:30:13.045642 - INFO13 of 85. Backfilling from specified date 2025-09-12 - 17:59:00 for: ADX[34m-------------------[34m-------------------Monday - 2025-09-15 14:30:14.790247 - INFO13 of 85. Adding records for... ADX[34m-------------------[34m-------------------Monday - 2025-09-15 14:31:05.257460 - INFO13 of 85. ADX - Backfilled to present.[34m-------------------[34m-------------------Monday - 2025-09-15 14:31:05.461367 - INFOADX Trade Status: (0, 0, 0, 0)[34m-------------------[34m-------------------Monday - 2025-09-15 14:32:38.197869 - INFOADX False: 2025-09-15 14:29:00[34m-------------------[34m-------------------Monday - 2025-09-15 14:32:39.458222 - INFO14 of 85. Backfilling from specified date 2025-09-12 - 16:03:00 for: AEE[34m-------------------[34m-------------------Monday - 2025-09-15 14:32:41.800093 - INFO14 of 85. Adding records for... AEE[34m-------------------[34m-------------------Monday - 2025-09-15 14:33:50.025577 - INFO14 of 85. AEE - Backfilled to present.[34m-------------------[34m-------------------Monday - 2025-09-15 14:33:50.212536 - INFOAEE Trade Status: (0, 0, 0, 0)[34m-------------------[34m-------------------Monday - 2025-09-15 14:35:26.846444 - INFOAEE False: 2025-09-15 14:32:00[34m-------------------[34m-------------------Monday - 2025-09-15 14:35:27.781254 - INFO15 of 85. Backfilling from specified date 2025-09-12 - 16:01:00 for: AEG[34m-------------------[34m-------------------Monday - 2025-09-15 14:35:29.914929 - INFO15 of 85. Adding records for... AEG[34m-------------------[34m-------------------Monday - 2025-09-15 14:36:38.738279 - INFO15 of 85. AEG - Backfilled to present.[34m-------------------[34m-------------------Monday - 2025-09-15 14:36:38.870544 - INFOAEG Trade Status: (0, 0, 0, 0)[34m-------------------[34m-------------------Monday - 2025-09-15 14:38:13.813738 - INFOAEG False: 2025-09-15 14:34:00[34m-------------------[34m-------------------Monday - 2025-09-15 14:38:14.545698 - INFO16 of 85. Backfilling from specified date 2025-09-12 - 19:57:00 for: AEHR[34m-------------------[34m-------------------Monday - 2025-09-15 14:38:16.899781 - INFO16 of 85. Adding records for... AEHR[34m-------------------[34m-------------------Monday - 2025-09-15 14:39:26.903187 - INFO16 of 85. AEHR - Backfilled to present.[34m-------------------[34m-------------------Monday - 2025-09-15 14:39:27.060552 - INFOAEHR Trade Status: (0, 0, 0, 0)[34m-------------------[34m-------------------Monday - 2025-09-15 14:41:03.481427 - INFOAEHR False: 2025-09-15 14:37:00[34m-------------------[34m-------------------Monday - 2025-09-15 14:41:04.499144 - INFO17 of 85. Backfilling from specified date 2025-09-12 - 19:49:00 for: AEM[34m-------------------[34m-------------------Monday - 2025-09-15 14:41:07.036132 - INFO17 of 85. Adding records for... AEM[34m-------------------[34m-------------------Monday - 2025-09-15 14:42:22.216556 - INFO17 of 85. AEM - Backfilled to present.[34m-------------------[34m-------------------Monday - 2025-09-15 14:42:22.350442 - INFOAEM Trade Status: (0, 0, 0, 0)[34m-------------------[34m-------------------Monday - 2025-09-15 14:44:02.536990 - INFOAEM False: 2025-09-15 14:40:00[34m-------------------[34m-------------------Monday - 2025-09-15 14:44:03.937084 - INFO18 of 85. Backfilling from specified date 2025-09-12 - 19:56:00 for: AEO[34m-------------------[34m-------------------Monday - 2025-09-15 14:44:06.592618 - INFO18 of 85. Adding records for... AEO[34m-------------------[34m-------------------Monday - 2025-09-15 14:45:27.019538 - INFO18 of 85. AEO - Backfilled to present.[34m-------------------[34m-------------------Monday - 2025-09-15 14:45:27.197223 - INFOAEO Trade Status: (0, 0, 0, 0)[34m-------------------[34m-------------------Monday - 2025-09-15 14:47:11.486187 - INFOAEO False: 2025-09-15 14:44:00[34m-------------------[34m-------------------Monday - 2025-09-15 14:47:12.331828 - INFO19 of 85. Backfilling from specified date 2025-09-12 - 16:00:00 for: AEP[34m-------------------[34m-------------------Monday - 2025-09-15 14:47:14.770803 - INFO19 of 85. Adding records for... AEP[34m-------------------[34m-------------------Monday - 2025-09-15 14:48:27.844298 - INFO19 of 85. AEP - Backfilled to present.[34m-------------------[34m-------------------Monday - 2025-09-15 14:48:28.022492 - INFOAEP Trade Status: (1, 1, 1, 0)[34m*******************[34m*******************Monday - 2025-09-15 14:48:51.780745 - ERRORTraceback (most recent call last):
  File "C:\Users\Brandon\Desktop\LootLoader\LootLoader_CharlesSchwab\LLLib_Charles_Schwab_1.py", line 5075, in Attempt_Sell_at_MarketValue
    sellPrice = Pull_From_Schwab_Management.Get_BuyPrice_from_orderID(orderID)
  File "C:\Users\Brandon\Desktop\LootLoader\LootLoader_CharlesSchwab\LLLib_Charles_Schwab_1.py", line 5638, in Get_BuyPrice_from_orderID
    for item in tradeData['orderActivityCollection'][0]['executionLegs']:
                ~~~~~~~~~^^^^^^^^^^^^^^^^^^^^^^^^^^^
KeyError: 'orderActivityCollection'

During handling of the above exception, another exception occurred:

Traceback (most recent call last):
  File "C:\Users\Brandon\Desktop\LootLoader\LootLoader_CharlesSchwab\LLLib_Charles_Schwab_1.py", line 5078, in Attempt_Sell_at_MarketValue
    sellPrice = Pull_From_Schwab_Management.Get_BuyPrice_from_orderID(orderID)
  File "C:\Users\Brandon\Desktop\LootLoader\LootLoader_CharlesSchwab\LLLib_Charles_Schwab_1.py", line 5638, in Get_BuyPrice_from_orderID
    for item in tradeData['orderActivityCollection'][0]['executionLegs']:
                ~~~~~~~~~^^^^^^^^^^^^^^^^^^^^^^^^^^^
KeyError: 'orderActivityCollection'
[34m-------------------[34m-------------------Monday - 2025-09-15 14:48:52.468451 - INFO20 of 85. Backfilling from specified date 2025-09-12 - 16:32:00 for: AER[34m-------------------[34m-------------------Monday - 2025-09-15 14:48:54.498752 - INFO20 of 85. Adding records for... AER[34m-------------------[34m-------------------Monday - 2025-09-15 14:50:07.214124 - INFO20 of 85. AER - Backfilled to present.[34m-------------------[34m-------------------Monday - 2025-09-15 14:50:07.408440 - INFOAER Trade Status: (0, 0, 0, 0)[34m-------------------[34m-------------------Monday - 2025-09-15 14:51:42.050837 - INFOAER False: 2025-09-15 14:48:00[34m-------------------[34m-------------------Monday - 2025-09-15 14:51:42.987209 - INFO21 of 85. Backfilling from specified date 2025-09-12 - 19:16:00 for: AES[34m-------------------[34m-------------------Monday - 2025-09-15 14:51:45.294328 - INFO21 of 85. Adding records for... AES[34m-------------------[34m-------------------Monday - 2025-09-15 14:53:08.668879 - INFO21 of 85. AES - Backfilled to present.[34m-------------------[34m-------------------Monday - 2025-09-15 14:53:08.862745 - INFOAES Trade Status: (0, 0, 0, 0)[34m-------------------[34m-------------------Monday - 2025-09-15 14:54:53.420834 - INFOAES False: 2025-09-15 14:51:00[34m-------------------[34m-------------------Monday - 2025-09-15 14:54:54.041788 - INFO22 of 85. Backfilling from specified date 2025-09-12 - 16:16:00 for: AESI[34m-------------------[34m-------------------Monday - 2025-09-15 14:54:56.320466 - INFO22 of 85. Adding records for... AESI[34m-------------------[34m-------------------Monday - 2025-09-15 14:56:11.633102 - INFO22 of 85. AESI - Backfilled to present.[34m-------------------[34m-------------------Monday - 2025-09-15 14:56:11.785821 - INFOAESI Trade Status: (1, 1, 1, 0)[34m*******************[34m*******************Monday - 2025-09-15 14:56:31.227005 - ERRORTraceback (most recent call last):
  File "C:\Users\Brandon\Desktop\LootLoader\LootLoader_CharlesSchwab\LLLib_Charles_Schwab_1.py", line 5075, in Attempt_Sell_at_MarketValue
    sellPrice = Pull_From_Schwab_Management.Get_BuyPrice_from_orderID(orderID)
  File "C:\Users\Brandon\Desktop\LootLoader\LootLoader_CharlesSchwab\LLLib_Charles_Schwab_1.py", line 5638, in Get_BuyPrice_from_orderID
    for item in tradeData['orderActivityCollection'][0]['executionLegs']:
                ~~~~~~~~~^^^^^^^^^^^^^^^^^^^^^^^^^^^
KeyError: 'orderActivityCollection'

During handling of the above exception, another exception occurred:

Traceback (most recent call last):
  File "C:\Users\Brandon\Desktop\LootLoader\LootLoader_CharlesSchwab\LLLib_Charles_Schwab_1.py", line 5078, in Attempt_Sell_at_MarketValue
    sellPrice = Pull_From_Schwab_Management.Get_BuyPrice_from_orderID(orderID)
  File "C:\Users\Brandon\Desktop\LootLoader\LootLoader_CharlesSchwab\LLLib_Charles_Schwab_1.py", line 5638, in Get_BuyPrice_from_orderID
    for item in tradeData['orderActivityCollection'][0]['executionLegs']:
                ~~~~~~~~~^^^^^^^^^^^^^^^^^^^^^^^^^^^
KeyError: 'orderActivityCollection'
[34m-------------------[34m-------------------Monday - 2025-09-15 14:56:32.471438 - INFO23 of 85. Backfilling from specified date 2025-09-12 - 19:16:00 for: AEVA[34m-------------------[34m-------------------Monday - 2025-09-15 14:56:34.854051 - INFO23 of 85. Adding records for... AEVA[34m-------------------[34m-------------------Monday - 2025-09-15 14:57:53.537271 - INFO23 of 85. AEVA - Backfilled to present.[34m-------------------[34m-------------------Monday - 2025-09-15 14:57:53.734705 - INFOAEVA Trade Status: (0, 0, 0, 0)[34m-------------------[34m-------------------Monday - 2025-09-15 14:59:33.785568 - INFOAEVA False: 2025-09-15 14:56:00[34m-------------------[34m-------------------Monday - 2025-09-15 14:59:35.426409 - INFO24 of 85. Backfilling from specified date 2025-09-12 - 16:01:00 for: AFG[34m-------------------[34m-------------------Monday - 2025-09-15 14:59:37.316977 - INFO24 of 85. Adding records for... AFG[34m-------------------[34m-------------------Monday - 2025-09-15 15:00:36.820810 - INFO24 of 85. AFG - Backfilled to present.[34m-------------------[34m-------------------Monday - 2025-09-15 15:00:36.997352 - INFOAFG Trade Status: (0, 0, 0, 0)[34m-------------------[34m-------------------Monday - 2025-09-15 15:02:11.633224 - INFOAFG False: 2025-09-15 14:59:00[34m-------------------[34m-------------------Monday - 2025-09-15 15:02:13.836787 - INFO25 of 85. Backfilling from specified date 2025-09-12 - 17:42:00 for: AFL[34m-------------------[34m-------------------Monday - 2025-09-15 15:02:16.158193 - INFO25 of 85. Adding records for... AFL[34m-------------------[34m-------------------Monday - 2025-09-15 15:03:41.128172 - INFO25 of 85. AFL - Backfilled to present.[34m-------------------[34m-------------------Monday - 2025-09-15 15:03:41.356710 - INFOAFL Trade Status: (0, 0, 0, 0)[34m-------------------[34m-------------------Monday - 2025-09-15 15:05:29.038811 - INFOAFL False: 2025-09-15 15:02:00[34m-------------------[34m-------------------Monday - 2025-09-15 15:05:30.106074 - INFO26 of 85. Backfilling from specified date 2025-09-12 - 19:38:00 for: AFRM[34m-------------------[34m-------------------Monday - 2025-09-15 15:05:33.113777 - INFO26 of 85. Adding records for... AFRM[34m-------------------[34m-------------------Monday - 2025-09-15 15:07:19.900041 - INFO26 of 85. AFRM - Backfilled to present.[34m-------------------[34m-------------------Monday - 2025-09-15 15:07:20.143919 - INFOAFRM Trade Status: (0, 0, 0, 0)[34m-------------------[34m-------------------Monday - 2025-09-15 15:09:08.774151 - INFOAFRM False: 2025-09-15 15:05:00[34m-------------------[34m-------------------Monday - 2025-09-15 15:09:09.677303 - INFO27 of 85. Backfilling from specified date 2025-09-12 - 19:59:00 for: AG[34m-------------------[34m-------------------Monday - 2025-09-15 15:09:12.252394 - INFO27 of 85. Adding records for... AG[34m-------------------[34m-------------------Monday - 2025-09-15 15:11:30.790330 - INFO27 of 85. AG - Backfilled to present.[34m-------------------[34m-------------------Monday - 2025-09-15 15:11:30.980363 - INFOAG Trade Status: (0, 0, 0, 0)[34m-------------------[34m-------------------Monday - 2025-09-15 15:13:23.544908 - INFOAG False: 2025-09-15 15:09:00[34m-------------------[34m-------------------Monday - 2025-09-15 15:13:24.274727 - INFO28 of 85. Backfilling from specified date 2025-09-12 - 16:01:00 for: AGCO[34m-------------------[34m-------------------Monday - 2025-09-15 15:13:26.431786 - INFO28 of 85. Adding records for... AGCO[34m-------------------[34m-------------------Monday - 2025-09-15 15:14:38.948072 - INFO28 of 85. AGCO - Backfilled to present.[34m-------------------[34m-------------------Monday - 2025-09-15 15:14:39.149312 - INFOAGCO Trade Status: (0, 0, 0, 0)[34m-------------------[34m-------------------Monday - 2025-09-15 15:16:28.740261 - INFOAGCO False: 2025-09-15 15:13:00[34m-------------------[34m-------------------Monday - 2025-09-15 15:16:29.685292 - INFO29 of 85. Backfilling from specified date 2025-09-12 - 15:31:00 for: AGEN[34m-------------------[34m-------------------Monday - 2025-09-15 15:16:31.926077 - INFO29 of 85. Adding records for... AGEN[34m-------------------[34m-------------------Monday - 2025-09-15 15:16:32.048092 - INFO29 of 85. AGEN - Backfilled to present.[34m-------------------[34m-------------------Monday - 2025-09-15 15:16:32.293951 - INFOAGEN Trade Status: (0, 0, 0, 0)[34m-------------------[34m-------------------Monday - 2025-09-15 15:16:34.152032 - INFO30 of 85. Backfilling from specified date 2025-09-12 - 17:42:00 for: AGG[34m-------------------[34m-------------------Monday - 2025-09-15 15:16:36.718094 - INFO30 of 85. Adding records for... AGG[34m-------------------[34m-------------------Monday - 2025-09-15 15:18:10.875107 - INFO30 of 85. AGG - Backfilled to present.[34m-------------------[34m-------------------Monday - 2025-09-15 15:18:11.065826 - INFOAGG Trade Status: (0, 0, 0, 0)[34m-------------------[34m-------------------Monday - 2025-09-15 15:20:31.839785 - INFOAGG False: 2025-09-15 15:16:00[34m-------------------[34m-------------------Monday - 2025-09-15 15:20:32.854292 - INFO31 of 85. Backfilling from specified date 2025-09-12 - 19:48:00 for: AGI[34m-------------------[34m-------------------Monday - 2025-09-15 15:20:35.809001 - INFO31 of 85. Adding records for... AGI[34m-------------------[34m-------------------Monday - 2025-09-15 15:22:23.737536 - INFO31 of 85. AGI - Backfilled to present.[34m-------------------[34m-------------------Monday - 2025-09-15 15:22:23.977543 - INFOAGI Trade Status: (0, 0, 0, 0)[34m-------------------[34m-------------------Monday - 2025-09-15 15:24:15.423630 - INFOAGI False: 2025-09-15 15:20:00[34m-------------------[34m-------------------Monday - 2025-09-15 15:24:16.133410 - INFO32 of 85. Backfilling from specified date 2025-09-12 - 16:00:00 for: AGIO[34m-------------------[34m-------------------Monday - 2025-09-15 15:24:18.442878 - INFO32 of 85. Adding records for... AGIO[34m-------------------[34m-------------------Monday - 2025-09-15 15:25:31.896160 - INFO32 of 85. AGIO - Backfilled to present.[34m-------------------[34m-------------------Monday - 2025-09-15 15:25:32.112542 - INFOAGIO Trade Status: (0, 0, 0, 0)[34m-------------------[34m-------------------Monday - 2025-09-15 15:27:26.842441 - INFOAGIO False: 2025-09-15 15:23:00[34m-------------------[34m-------------------Monday - 2025-09-15 15:27:27.740492 - INFO33 of 85. Backfilling from specified date 2025-09-12 - 14:05:00 for: AGL[34m-------------------[34m-------------------Monday - 2025-09-15 15:27:30.683304 - INFO33 of 85. Adding records for... AGL[34m-------------------[34m-------------------Monday - 2025-09-15 15:27:30.851625 - INFO33 of 85. AGL - Backfilled to present.[34m-------------------[34m-------------------Monday - 2025-09-15 15:27:31.088349 - INFOAGL Trade Status: (0, 0, 0, 0)[34m-------------------[34m-------------------Monday - 2025-09-15 15:27:32.613920 - INFO34 of 85. Backfilling from specified date 2025-09-12 - 14:06:00 for: AGMH[34m-------------------[34m-------------------Monday - 2025-09-15 15:27:34.669089 - INFO34 of 85. Adding records for... AGMH[34m-------------------[34m-------------------Monday - 2025-09-15 15:27:34.700812 - INFO34 of 85. AGMH - Backfilled to present.[34m-------------------[34m-------------------Monday - 2025-09-15 15:27:34.957549 - INFOAGMH Trade Status: (0, 0, 0, 0)[34m-------------------[34m-------------------Monday - 2025-09-15 15:27:36.568231 - INFO35 of 85. Backfilling from specified date 2025-09-12 - 19:59:00 for: AGNC[34m-------------------[34m-------------------Monday - 2025-09-15 15:27:39.338919 - INFO35 of 85. Adding records for... AGNC[34m-------------------[34m-------------------Monday - 2025-09-15 15:29:31.188060 - INFO35 of 85. AGNC - Backfilled to present.[34m-------------------[34m-------------------Monday - 2025-09-15 15:29:31.380367 - INFOAGNC Trade Status: (0, 0, 0, 0)[34m-------------------[34m-------------------Monday - 2025-09-15 15:31:14.563583 - INFOAGNC False: 2025-09-15 15:27:00[34m-------------------[34m-------------------Monday - 2025-09-15 15:31:15.224171 - INFO36 of 85. Backfilling from specified date 2025-09-12 - 17:41:00 for: AGO[34m-------------------[34m-------------------Monday - 2025-09-15 15:31:17.153895 - INFO36 of 85. Adding records for... AGO[34m-------------------[34m-------------------Monday - 2025-09-15 15:32:13.754833 - INFO36 of 85. AGO - Backfilled to present.[34m-------------------[34m-------------------Monday - 2025-09-15 15:32:13.948468 - INFOAGO Trade Status: (0, 0, 0, 0)[34m-------------------[34m-------------------Monday - 2025-09-15 15:33:45.509565 - INFOAGO False: 2025-09-15 15:30:00[34m-------------------[34m-------------------Monday - 2025-09-15 15:33:46.224097 - INFO37 of 85. Backfilling from specified date 2025-09-12 - 19:55:00 for: AGQ[34m-------------------[34m-------------------Monday - 2025-09-15 15:33:48.614085 - INFO37 of 85. Adding records for... AGQ[34m-------------------[34m-------------------Monday - 2025-09-15 15:35:22.420230 - INFO37 of 85. AGQ - Backfilled to present.[34m-------------------[34m-------------------Monday - 2025-09-15 15:35:22.636816 - INFOAGQ Trade Status: (0, 0, 0, 0)[34m-------------------[34m-------------------Monday - 2025-09-15 15:36:58.803793 - INFOAGQ False: 2025-09-15 15:33:00[34m-------------------[34m-------------------Monday - 2025-09-15 15:36:59.446889 - INFO38 of 85. Backfilling from specified date 2025-09-12 - 17:33:00 for: AGRO[34m-------------------[34m-------------------Monday - 2025-09-15 15:37:01.419773 - INFO38 of 85. Adding records for... AGRO[34m-------------------[34m-------------------Monday - 2025-09-15 15:38:04.436305 - INFO38 of 85. AGRO - Backfilled to present.[34m-------------------[34m-------------------Monday - 2025-09-15 15:38:04.599015 - INFOAGRO Trade Status: (0, 0, 0, 0)[34m-------------------[34m-------------------Monday - 2025-09-15 15:39:35.213934 - INFOAGRO False: 2025-09-15 15:36:00[34m-------------------[34m-------------------Monday - 2025-09-15 15:39:36.011349 - INFO39 of 85. Backfilling from specified date 2025-09-12 - 17:42:00 for: AGX[34m-------------------[34m-------------------Monday - 2025-09-15 15:39:37.799026 - INFO39 of 85. Adding records for... AGX[34m-------------------[34m-------------------Monday - 2025-09-15 15:40:42.269765 - INFO39 of 85. AGX - Backfilled to present.[34m-------------------[34m-------------------Monday - 2025-09-15 15:40:42.488601 - INFOAGX Trade Status: (0, 0, 0, 0)[34m-------------------[34m-------------------Monday - 2025-09-15 15:42:13.513049 - INFOAGX False: 2025-09-15 15:38:00[34m-------------------[34m-------------------Monday - 2025-09-15 15:42:14.216293 - INFO40 of 85. Backfilling from specified date 2025-09-12 - 16:00:00 for: AHCO[34m-------------------[34m-------------------Monday - 2025-09-15 15:42:16.512942 - INFO40 of 85. Adding records for... AHCO[34m-------------------[34m-------------------Monday - 2025-09-15 15:43:32.005029 - INFO40 of 85. AHCO - Backfilled to present.[34m-------------------[34m-------------------Monday - 2025-09-15 15:43:32.176438 - INFOAHCO Trade Status: (0, 0, 0, 0)[34m-------------------[34m-------------------Monday - 2025-09-15 15:45:03.141877 - INFOAHCO False: 2025-09-15 15:42:00[34m-------------------[34m-------------------Monday - 2025-09-15 15:45:03.718807 - INFO41 of 85. Backfilling from specified date 2025-09-12 - 17:27:00 for: AHH[34m-------------------[34m-------------------Monday - 2025-09-15 15:45:05.631619 - INFO41 of 85. Adding records for... AHH[34m-------------------[34m-------------------Monday - 2025-09-15 15:46:09.322732 - INFO41 of 85. AHH - Backfilled to present.[34m-------------------[34m-------------------Monday - 2025-09-15 15:46:09.504992 - INFOAHH Trade Status: (0, 0, 0, 0)[34m-------------------[34m-------------------Monday - 2025-09-15 15:47:40.679744 - INFOAHH False: 2025-09-15 15:43:00[34m-------------------[34m-------------------Monday - 2025-09-15 15:47:41.339354 - INFO42 of 85. Backfilling from specified date 2025-09-12 - 16:32:00 for: AHR[34m-------------------[34m-------------------Monday - 2025-09-15 15:47:43.242299 - INFO42 of 85. Adding records for... AHR[34m-------------------[34m-------------------Monday - 2025-09-15 15:48:57.317990 - INFO42 of 85. AHR - Backfilled to present.[34m-------------------[34m-------------------Monday - 2025-09-15 15:48:57.560996 - INFOAHR Trade Status: (0, 0, 0, 0)[34m-------------------[34m-------------------Monday - 2025-09-15 15:50:31.130617 - INFOAHR False: 2025-09-15 15:47:00[34m-------------------[34m-------------------Monday - 2025-09-15 15:50:31.865311 - INFO43 of 85. Backfilling from specified date 2025-09-12 - 16:00:00 for: ADEA[34m-------------------[34m-------------------Monday - 2025-09-15 15:50:33.769837 - INFO43 of 85. Adding records for... ADEA[34m-------------------[34m-------------------Monday - 2025-09-15 15:51:36.027713 - INFO43 of 85. ADEA - Backfilled to present.[34m-------------------[34m-------------------Monday - 2025-09-15 15:51:36.265785 - INFOADEA Trade Status: (0, 0, 0, 0)[34m-------------------[34m-------------------Monday - 2025-09-15 15:53:10.857002 - INFOADEA False: 2025-09-15 15:50:00[34m-------------------[34m-------------------Monday - 2025-09-15 15:53:11.893723 - INFO44 of 85. Backfilling from specified date 2025-09-12 - 16:07:00 for: ADI[34m-------------------[34m-------------------Monday - 2025-09-15 15:53:14.020721 - INFO44 of 85. Adding records for... ADI[34m-------------------[34m-------------------Monday - 2025-09-15 15:54:36.547380 - INFO44 of 85. ADI - Backfilled to present.[34m-------------------[34m-------------------Monday - 2025-09-15 15:54:36.784810 - INFOADI Trade Status: (0, 0, 0, 0)[34m-------------------[34m-------------------Monday - 2025-09-15 15:56:13.525271 - INFOADI False: 2025-09-15 15:52:00[34m-------------------[34m-------------------Monday - 2025-09-15 15:56:14.508461 - INFO45 of 85. Backfilling from specified date 2025-09-12 - 16:07:00 for: ADM[34m-------------------[34m-------------------Monday - 2025-09-15 15:56:17.294198 - INFO45 of 85. Adding records for... ADM[34m-------------------[34m-------------------Monday - 2025-09-15 15:57:35.827128 - INFO45 of 85. ADM - Backfilled to present.[34m-------------------[34m-------------------Monday - 2025-09-15 15:57:35.986331 - INFOADM Trade Status: (0, 0, 0, 0)[34m-------------------[34m-------------------Monday - 2025-09-15 15:59:14.135392 - INFOADM False: 2025-09-15 15:56:00[34m-------------------[34m-------------------Monday - 2025-09-15 15:59:14.699303 - INFO46 of 85. Backfilling from specified date 2025-09-12 - 17:33:00 for: ADMA[34m-------------------[34m-------------------Monday - 2025-09-15 15:59:16.811453 - INFO46 of 85. Adding records for... ADMA[34m-------------------[34m-------------------Monday - 2025-09-15 16:00:37.048809 - INFO46 of 85. ADMA - Backfilled to present.[34m-------------------[34m-------------------Monday - 2025-09-15 16:00:37.233575 - INFOADMA Trade Status: (1, 1, 1, 0)[34m-------------------[34m-------------------Monday - 2025-09-15 16:00:58.763476 - INFOADMA False: 2025-09-15 15:59:00[34m-------------------[34m-------------------Monday - 2025-09-15 16:00:59.846586 - INFO47 of 85. Backfilling from specified date 2025-09-12 - 16:17:00 for: ADNT[34m-------------------[34m-------------------Monday - 2025-09-15 16:01:02.093872 - INFO47 of 85. Adding records for... ADNT[34m-------------------[34m-------------------Monday - 2025-09-15 16:02:17.569238 - INFO47 of 85. ADNT - Backfilled to present.[34m-------------------[34m-------------------Monday - 2025-09-15 16:02:17.786301 - INFOADNT Trade Status: (0, 0, 0, 0)[34m-------------------[34m-------------------Monday - 2025-09-15 16:03:50.163377 - INFOADNT False: 2025-09-15 16:00:00[34m-------------------[34m-------------------Monday - 2025-09-15 16:03:50.869105 - INFO48 of 85. Backfilling from specified date 2025-09-12 - 16:53:00 for: ADP[34m-------------------[34m-------------------Monday - 2025-09-15 16:03:53.070636 - INFO48 of 85. Adding records for... ADP[34m-------------------[34m-------------------Monday - 2025-09-15 16:05:05.214409 - INFO48 of 85. ADP - Backfilled to present.[34m-------------------[34m-------------------Monday - 2025-09-15 16:05:05.397609 - INFOADP Trade Status: (0, 0, 0, 0)[34m-------------------[34m-------------------Monday - 2025-09-15 16:06:37.878046 - INFOADP False: 2025-09-15 16:02:00[34m-------------------[34m-------------------Monday - 2025-09-15 16:06:38.562616 - INFO49 of 85. Backfilling from specified date 2025-09-12 - 17:36:00 for: ADPT[34m-------------------[34m-------------------Monday - 2025-09-15 16:06:40.648710 - INFO49 of 85. Adding records for... ADPT[34m-------------------[34m-------------------Monday - 2025-09-15 16:07:54.317485 - INFO49 of 85. ADPT - Backfilled to present.[34m-------------------[34m-------------------Monday - 2025-09-15 16:07:54.474147 - INFOADPT Trade Status: (0, 0, 0, 0)[34m-------------------[34m-------------------Monday - 2025-09-15 16:09:29.186341 - INFOADPT False: 2025-09-15 16:05:00[34m-------------------[34m-------------------Monday - 2025-09-15 16:09:30.593050 - INFO50 of 85. Backfilling from specified date 2025-09-12 - 16:00:00 for: ADSK[34m-------------------[34m-------------------Monday - 2025-09-15 16:09:32.830633 - INFO50 of 85. Adding records for... ADSK[34m-------------------[34m-------------------Monday - 2025-09-15 16:10:51.188456 - INFO50 of 85. ADSK - Backfilled to present.[34m-------------------[34m-------------------Monday - 2025-09-15 16:10:51.313178 - INFOADSK Trade Status: (0, 0, 0, 0)[34m-------------------[34m-------------------Monday - 2025-09-15 16:12:22.953792 - INFOADSK False: 2025-09-15 16:05:00[34m-------------------[34m-------------------Monday - 2025-09-15 16:12:23.741753 - INFO51 of 85. Backfilling from specified date 2025-09-12 - 19:16:00 for: ADT[34m-------------------[34m-------------------Monday - 2025-09-15 16:12:26.227541 - INFO51 of 85. Adding records for... ADT[34m-------------------[34m-------------------Monday - 2025-09-15 16:13:55.070631 - INFO51 of 85. ADT - Backfilled to present.[34m-------------------[34m-------------------Monday - 2025-09-15 16:13:55.259699 - INFOADT Trade Status: (0, 0, 0, 0)