[34m-------------------[34m-------------------Friday - 2025-10-17 00:00:28.660927 - INFOAGRO False: 2025-10-16 19:00:00[34m-------------------[34m-------------------Friday - 2025-10-17 00:00:30.920091 - INFO83 of 85. Backfilling from specified date 2025-10-16 - 19:00:00 for: AGX[34m-------------------[34m-------------------Friday - 2025-10-17 00:00:31.937597 - INFO83 of 85. Adding records for... AGX[34m-------------------[34m-------------------Friday - 2025-10-17 00:00:32.312823 - INFO83 of 85. AGX - Backfilled to present.[34m-------------------[34m-------------------Friday - 2025-10-17 00:00:32.383401 - INFOAGX Trade Status: (0, 0, 0, 0)[34m-------------------[34m-------------------Friday - 2025-10-17 00:01:03.415382 - INFOAGX False: 2025-10-16 19:00:00[34m-------------------[34m-------------------Friday - 2025-10-17 00:01:07.788091 - INFO84 of 85. Backfilling from specified date 2025-10-16 - 16:13:00 for: AHCO[34m-------------------[34m-------------------Friday - 2025-10-17 00:01:08.828259 - INFO84 of 85. Adding records for... AHCO[34m-------------------[34m-------------------Friday - 2025-10-17 00:01:09.357052 - INFO84 of 85. AHCO - Backfilled to present.[34m-------------------[34m-------------------Friday - 2025-10-17 00:01:09.437666 - INFOAHCO Trade Status: (0, 0, 0, 0)[34m-------------------[34m-------------------Friday - 2025-10-17 00:01:40.997793 - INFOAHCO False: 2025-10-16 16:13:00[34m-------------------[34m-------------------Friday - 2025-10-17 00:01:43.272527 - INFO85 of 85. Backfilling from specified date 2025-10-16 - 19:00:00 for: AHH[34m-------------------[34m-------------------Friday - 2025-10-17 00:01:44.194908 - INFO85 of 85. Adding records for... AHH[34m-------------------[34m-------------------Friday - 2025-10-17 00:01:44.647425 - INFO85 of 85. AHH - Backfilled to present.[34m-------------------[34m-------------------Friday - 2025-10-17 00:01:44.719705 - INFOAHH Trade Status: (0, 0, 0, 0)[34m-------------------[34m-------------------Friday - 2025-10-17 00:02:15.682539 - INFOAHH False: 2025-10-16 19:00:00[34m-------------------[34m-------------------Friday - 2025-10-17 00:02:21.159176 - INFO1 of 85. Backfilling from specified date 2025-10-16 - 19:58:00 for: AFRM[34m-------------------[34m-------------------Friday - 2025-10-17 00:02:22.575072 - INFO1 of 85. Adding records for... AFRM[34m-------------------[34m-------------------Friday - 2025-10-17 00:02:23.512693 - INFO1 of 85. AFRM - Backfilled to present.[34m-------------------[34m-------------------Friday - 2025-10-17 00:02:23.562101 - INFOAFRM Trade Status: (0, 0, 0, 0)[34m-------------------[34m-------------------Friday - 2025-10-17 00:02:56.566069 - INFOAFRM False: 2025-10-16 19:58:00[34m-------------------[34m-------------------Friday - 2025-10-17 00:03:00.994386 - INFO2 of 85. Backfilling from specified date 2025-10-16 - 19:58:00 for: AG[34m-------------------[34m-------------------Friday - 2025-10-17 00:03:02.530872 - INFO2 of 85. Adding records for... AG[34m-------------------[34m-------------------Friday - 2025-10-17 00:03:25.639155 - INFO2 of 85. AG - Backfilled to present.[34m-------------------[34m-------------------Friday - 2025-10-17 00:03:25.701656 - INFOAG Trade Status: (0, 0, 0, 0)[34m-------------------[34m-------------------Friday - 2025-10-17 00:04:00.912850 - INFOAG False: 2025-10-16 19:59:00[34m-------------------[34m-------------------Friday - 2025-10-17 00:04:04.203550 - INFO3 of 85. Backfilling from specified date 2025-10-16 - 19:00:00 for: AGCO[34m-------------------[34m-------------------Friday - 2025-10-17 00:04:05.226135 - INFO3 of 85. Adding records for... AGCO[34m-------------------[34m-------------------Friday - 2025-10-17 00:04:05.703682 - INFO3 of 85. AGCO - Backfilled to present.[34m-------------------[34m-------------------Friday - 2025-10-17 00:04:05.764266 - INFOAGCO Trade Status: (0, 0, 0, 0)[34m-------------------[34m-------------------Friday - 2025-10-17 00:04:38.289373 - INFOAGCO False: 2025-10-16 19:00:00[34m-------------------[34m-------------------Friday - 2025-10-17 00:04:42.665738 - INFO4 of 85. Backfilling from specified date 2025-10-16 - 19:12:00 for: AGG[34m-------------------[34m-------------------Friday - 2025-10-17 00:04:43.989495 - INFO4 of 85. Adding records for... AGG[34m-------------------[34m-------------------Friday - 2025-10-17 00:04:44.639760 - INFO4 of 85. AGG - Backfilled to present.[34m-------------------[34m-------------------Friday - 2025-10-17 00:04:44.700171 - INFOAGG Trade Status: (0, 0, 0, 0)[34m-------------------[34m-------------------Friday - 2025-10-17 00:05:17.577764 - INFOAGG False: 2025-10-16 19:12:00[34m-------------------[34m-------------------Friday - 2025-10-17 00:05:21.960286 - INFO5 of 85. Backfilling from specified date 2025-10-16 - 19:58:00 for: AGI[34m-------------------[34m-------------------Friday - 2025-10-17 00:05:23.143302 - INFO5 of 85. Adding records for... AGI[34m-------------------[34m-------------------Friday - 2025-10-17 00:05:23.860954 - INFO5 of 85. AGI - Backfilled to present.[34m-------------------[34m-------------------Friday - 2025-10-17 00:05:23.910278 - INFOAGI Trade Status: (0, 0, 0, 0)[34m-------------------[34m-------------------Friday - 2025-10-17 00:05:55.971064 - INFOAGI False: 2025-10-16 19:58:00[34m-------------------[34m-------------------Friday - 2025-10-17 00:05:58.199379 - INFO6 of 85. Backfilling from specified date 2025-10-16 - 19:02:00 for: AGIO[34m-------------------[34m-------------------Friday - 2025-10-17 00:05:59.248625 - INFO6 of 85. Adding records for... AGIO[34m-------------------[34m-------------------Friday - 2025-10-17 00:05:59.716259 - INFO6 of 85. AGIO - Backfilled to present.[34m-------------------[34m-------------------Friday - 2025-10-17 00:05:59.778640 - INFOAGIO Trade Status: (0, 0, 0, 0)[34m-------------------[34m-------------------Friday - 2025-10-17 00:06:31.761879 - INFOAGIO False: 2025-10-16 19:02:00[34m-------------------[34m-------------------Friday - 2025-10-17 00:06:38.267121 - INFO7 of 85. Backfilling from specified date 2025-10-16 - 19:56:00 for: AGNC[34m-------------------[34m-------------------Friday - 2025-10-17 00:06:39.625679 - INFO7 of 85. Adding records for... AGNC[34m-------------------[34m-------------------Friday - 2025-10-17 00:06:40.575235 - INFO7 of 85. AGNC - Backfilled to present.[34m-------------------[34m-------------------Friday - 2025-10-17 00:06:40.625071 - INFOAGNC Trade Status: (0, 0, 0, 0)[34m-------------------[34m-------------------Friday - 2025-10-17 00:07:13.993948 - INFOAGNC False: 2025-10-16 19:56:00[34m-------------------[34m-------------------Friday - 2025-10-17 00:07:16.221606 - INFO8 of 85. Backfilling from specified date 2025-10-16 - 19:00:00 for: AGO[34m-------------------[34m-------------------Friday - 2025-10-17 00:07:17.065133 - INFO8 of 85. Adding records for... AGO[34m-------------------[34m-------------------Friday - 2025-10-17 00:07:17.365384 - INFO8 of 85. AGO - Backfilled to present.[34m-------------------[34m-------------------Friday - 2025-10-17 00:07:17.426398 - INFOAGO Trade Status: (0, 0, 0, 0)[34m-------------------[34m-------------------Friday - 2025-10-17 00:07:48.361575 - INFOAGO False: 2025-10-16 19:00:00[34m-------------------[34m-------------------Friday - 2025-10-17 00:07:50.699361 - INFO9 of 85. Backfilling from specified date 2025-10-16 - 19:58:00 for: AGQ[34m-------------------[34m-------------------Friday - 2025-10-17 00:07:52.227907 - INFO9 of 85. Adding records for... AGQ[34m-------------------[34m-------------------Friday - 2025-10-17 00:07:53.343079 - INFO9 of 85. AGQ - Backfilled to present.[34m-------------------[34m-------------------Friday - 2025-10-17 00:07:53.408194 - INFOAGQ Trade Status: (0, 0, 0, 0)[34m-------------------[34m-------------------Friday - 2025-10-17 00:08:27.832911 - INFOAGQ False: 2025-10-16 19:58:00[34m-------------------[34m-------------------Friday - 2025-10-17 00:08:33.219180 - INFO10 of 85. Backfilling from specified date 2025-10-16 - 19:00:00 for: AGRO[34m-------------------[34m-------------------Friday - 2025-10-17 00:08:34.055926 - INFO10 of 85. Adding records for... AGRO[34m-------------------[34m-------------------Friday - 2025-10-17 00:08:34.458303 - INFO10 of 85. AGRO - Backfilled to present.[34m-------------------[34m-------------------Friday - 2025-10-17 00:08:34.517653 - INFOAGRO Trade Status: (0, 0, 0, 0)[34m-------------------[34m-------------------Friday - 2025-10-17 00:09:07.974048 - INFOAGRO False: 2025-10-16 19:00:00[34m-------------------[34m-------------------Friday - 2025-10-17 00:09:10.218643 - INFO11 of 85. Backfilling from specified date 2025-10-16 - 19:00:00 for: AGX[34m-------------------[34m-------------------Friday - 2025-10-17 00:09:11.232126 - INFO11 of 85. Adding records for... AGX[34m-------------------[34m-------------------Friday - 2025-10-17 00:09:11.626643 - INFO11 of 85. AGX - Backfilled to present.[34m-------------------[34m-------------------Friday - 2025-10-17 00:09:11.686986 - INFOAGX Trade Status: (0, 0, 0, 0)[34m-------------------[34m-------------------Friday - 2025-10-17 00:09:43.084792 - INFOAGX False: 2025-10-16 19:00:00[34m-------------------[34m-------------------Friday - 2025-10-17 00:09:47.454069 - INFO12 of 85. Backfilling from specified date 2025-10-16 - 16:13:00 for: AHCO[34m-------------------[34m-------------------Friday - 2025-10-17 00:09:48.530483 - INFO12 of 85. Adding records for... AHCO[34m-------------------[34m-------------------Friday - 2025-10-17 00:09:49.049395 - INFO12 of 85. AHCO - Backfilled to present.[34m-------------------[34m-------------------Friday - 2025-10-17 00:09:49.111893 - INFOAHCO Trade Status: (0, 0, 0, 0)[34m-------------------[34m-------------------Friday - 2025-10-17 00:10:21.927785 - INFOAHCO False: 2025-10-16 16:13:00[34m-------------------[34m-------------------Friday - 2025-10-17 00:10:24.178238 - INFO13 of 85. Backfilling from specified date 2025-10-16 - 19:00:00 for: AHH[34m-------------------[34m-------------------Friday - 2025-10-17 00:10:25.178466 - INFO13 of 85. Adding records for... AHH[34m-------------------[34m-------------------Friday - 2025-10-17 00:10:25.613511 - INFO13 of 85. AHH - Backfilled to present.[34m-------------------[34m-------------------Friday - 2025-10-17 00:10:25.662818 - INFOAHH Trade Status: (0, 0, 0, 0)[34m-------------------[34m-------------------Friday - 2025-10-17 00:10:57.595214 - INFOAHH False: 2025-10-16 19:00:00[34m-------------------[34m-------------------Friday - 2025-10-17 00:11:00.913820 - INFO14 of 85. Backfilling from specified date 2025-10-16 - 19:22:00 for: AHR[34m-------------------[34m-------------------Friday - 2025-10-17 00:11:02.016416 - INFO14 of 85. Adding records for... AHR[34m-------------------[34m-------------------Friday - 2025-10-17 00:11:02.588735 - INFO14 of 85. AHR - Backfilled to present.[34m-------------------[34m-------------------Friday - 2025-10-17 00:11:02.649232 - INFOAHR Trade Status: (0, 0, 0, 0)[34m-------------------[34m-------------------Friday - 2025-10-17 00:11:35.262405 - INFOAHR False: 2025-10-16 19:22:00[34m-------------------[34m-------------------Friday - 2025-10-17 00:11:38.699971 - INFO15 of 85. Backfilling from specified date 2025-10-16 - 19:58:00 for: AI[34m-------------------[34m-------------------Friday - 2025-10-17 00:11:40.267266 - INFO15 of 85. Adding records for... AI[34m-------------------[34m-------------------Friday - 2025-10-17 00:12:04.959324 - INFO15 of 85. AI - Backfilled to present.[34m-------------------[34m-------------------Friday - 2025-10-17 00:12:05.021824 - INFOAI Trade Status: (0, 0, 0, 0)[34m-------------------[34m-------------------Friday - 2025-10-17 00:12:38.746326 - INFOAI False: 2025-10-16 19:59:00[34m-------------------[34m-------------------Friday - 2025-10-17 00:12:47.352384 - INFO16 of 85. Backfilling from specified date 2025-10-16 - 19:00:00 for: AIG[34m-------------------[34m-------------------Friday - 2025-10-17 00:12:48.494486 - INFO16 of 85. Adding records for... AIG[34m-------------------[34m-------------------Friday - 2025-10-17 00:12:49.209762 - INFO16 of 85. AIG - Backfilled to present.[34m-------------------[34m-------------------Friday - 2025-10-17 00:12:49.280221 - INFOAIG Trade Status: (0, 0, 0, 0)[34m-------------------[34m-------------------Friday - 2025-10-17 00:13:21.036120 - INFOAIG False: 2025-10-16 19:00:00[34m-------------------[34m-------------------Friday - 2025-10-17 00:13:28.557425 - INFO17 of 85. Backfilling from specified date 2025-10-16 - 18:28:00 for: AIOT[34m-------------------[34m-------------------Friday - 2025-10-17 00:13:29.622538 - INFO17 of 85. Adding records for... AIOT[34m-------------------[34m-------------------Friday - 2025-10-17 00:13:30.140351 - INFO17 of 85. AIOT - Backfilled to present.[34m-------------------[34m-------------------Friday - 2025-10-17 00:13:30.210234 - INFOAIOT Trade Status: (0, 0, 0, 0)[34m-------------------[34m-------------------Friday - 2025-10-17 00:14:02.245754 - INFOAIOT False: 2025-10-16 18:28:00[34m-------------------[34m-------------------Friday - 2025-10-17 00:14:03.464927 - INFO18 of 85. Backfilling from specified date 2025-10-16 - 19:21:00 for: AIP[34m-------------------[34m-------------------Friday - 2025-10-17 00:14:04.483239 - INFO18 of 85. Adding records for... AIP[34m-------------------[34m-------------------Friday - 2025-10-17 00:14:04.988228 - INFO18 of 85. AIP - Backfilled to present.[34m-------------------[34m-------------------Friday - 2025-10-17 00:14:05.056167 - INFOAIP Trade Status: (0, 0, 0, 0)[34m-------------------[34m-------------------Friday - 2025-10-17 00:14:36.209503 - INFOAIP False: 2025-10-16 19:21:00[34m-------------------[34m-------------------Friday - 2025-10-17 00:14:38.493458 - INFO19 of 85. Backfilling from specified date 2025-10-16 - 19:08:00 for: AIQ[34m-------------------[34m-------------------Friday - 2025-10-17 00:14:39.829871 - INFO19 of 85. Adding records for... AIQ[34m-------------------[34m-------------------Friday - 2025-10-17 00:14:40.528935 - INFO19 of 85. AIQ - Backfilled to present.[34m-------------------[34m-------------------Friday - 2025-10-17 00:14:40.603578 - INFOAIQ Trade Status: (0, 0, 0, 0)[34m-------------------[34m-------------------Friday - 2025-10-17 00:15:13.244089 - INFOAIQ False: 2025-10-16 19:08:00[34m-------------------[34m-------------------Friday - 2025-10-17 00:15:14.462851 - INFO20 of 85. Backfilling from specified date 2025-10-16 - 19:16:00 for: AIR[34m-------------------[34m-------------------Friday - 2025-10-17 00:15:15.465665 - INFO20 of 85. Adding records for... AIR[34m-------------------[34m-------------------Friday - 2025-10-17 00:15:15.924181 - INFO20 of 85. AIR - Backfilled to present.[34m-------------------[34m-------------------Friday - 2025-10-17 00:15:16.003890 - INFOAIR Trade Status: (0, 0, 0, 0)[34m-------------------[34m-------------------Friday - 2025-10-17 00:15:47.458525 - INFOAIR False: 2025-10-16 19:16:00[34m-------------------[34m-------------------Friday - 2025-10-17 00:15:53.947253 - INFO21 of 85. Backfilling from specified date 2025-10-16 - 16:00:00 for: AIRR[34m-------------------[34m-------------------Friday - 2025-10-17 00:15:55.075633 - INFO21 of 85. Adding records for... AIRR[34m-------------------[34m-------------------Friday - 2025-10-17 00:15:55.622617 - INFO21 of 85. AIRR - Backfilled to present.[34m-------------------[34m-------------------Friday - 2025-10-17 00:15:55.692118 - INFOAIRR Trade Status: (0, 0, 0, 0)[34m-------------------[34m-------------------Friday - 2025-10-17 00:16:27.601255 - INFOAIRR False: 2025-10-16 16:00:00[34m-------------------[34m-------------------Friday - 2025-10-17 00:16:28.809873 - INFO22 of 85. Backfilling from specified date 2025-10-16 - 16:02:00 for: AIRS[34m-------------------[34m-------------------Friday - 2025-10-17 00:16:29.776418 - INFO22 of 85. Adding records for... AIRS[34m-------------------[34m-------------------Friday - 2025-10-17 00:16:30.258341 - INFO22 of 85. AIRS - Backfilled to present.[34m-------------------[34m-------------------Friday - 2025-10-17 00:16:30.318712 - INFOAIRS Trade Status: (0, 0, 0, 0)[34m-------------------[34m-------------------Friday - 2025-10-17 00:17:01.324677 - INFOAIRS False: 2025-10-16 16:02:00[34m-------------------[34m-------------------Friday - 2025-10-17 00:17:03.584392 - INFO23 of 85. Backfilling from specified date 2025-10-16 - 19:54:00 for: AISP[34m-------------------[34m-------------------Friday - 2025-10-17 00:17:04.702655 - INFO23 of 85. Adding records for... AISP[34m-------------------[34m-------------------Friday - 2025-10-17 00:17:05.242461 - INFO23 of 85. AISP - Backfilled to present.[34m-------------------[34m-------------------Friday - 2025-10-17 00:17:05.293780 - INFOAISP Trade Status: (0, 0, 0, 0)[34m-------------------[34m-------------------Friday - 2025-10-17 00:17:36.602758 - INFOAISP False: 2025-10-16 19:54:00[34m-------------------[34m-------------------Friday - 2025-10-17 00:17:40.978277 - INFO24 of 85. Backfilling from specified date 2025-10-16 - 19:43:00 for: AIV[34m-------------------[34m-------------------Friday - 2025-10-17 00:17:41.993811 - INFO24 of 85. Adding records for... AIV[34m-------------------[34m-------------------Friday - 2025-10-17 00:17:42.600673 - INFO24 of 85. AIV - Backfilled to present.[34m-------------------[34m-------------------Friday - 2025-10-17 00:17:42.672392 - INFOAIV Trade Status: (0, 0, 0, 0)[34m-------------------[34m-------------------Friday - 2025-10-17 00:18:14.279385 - INFOAIV False: 2025-10-16 19:43:00[34m-------------------[34m-------------------Friday - 2025-10-17 00:18:20.796626 - INFO25 of 85. Backfilling from specified date 2025-10-16 - 19:58:00 for: AFRM[34m-------------------[34m-------------------Friday - 2025-10-17 00:18:22.292668 - INFO25 of 85. Adding records for... AFRM[34m-------------------[34m-------------------Friday - 2025-10-17 00:18:23.228051 - INFO25 of 85. AFRM - Backfilled to present.[34m-------------------[34m-------------------Friday - 2025-10-17 00:18:23.288440 - INFOAFRM Trade Status: (0, 0, 0, 0)[34m-------------------[34m-------------------Friday - 2025-10-17 00:18:55.852049 - INFOAFRM False: 2025-10-16 19:58:00[34m-------------------[34m-------------------Friday - 2025-10-17 00:19:00.294372 - INFO26 of 85. Backfilling from specified date 2025-10-16 - 19:59:00 for: AG[34m-------------------[34m-------------------Friday - 2025-10-17 00:19:01.809003 - INFO26 of 85. Adding records for... AG[34m-------------------[34m-------------------Friday - 2025-10-17 00:19:02.891968 - INFO26 of 85. AG - Backfilled to present.[34m-------------------[34m-------------------Friday - 2025-10-17 00:19:02.952362 - INFOAG Trade Status: (0, 0, 0, 0)[34m-------------------[34m-------------------Friday - 2025-10-17 00:19:35.787872 - INFOAG False: 2025-10-16 19:59:00[34m-------------------[34m-------------------Friday - 2025-10-17 00:19:39.093234 - INFO27 of 85. Backfilling from specified date 2025-10-16 - 19:00:00 for: AGCO[34m-------------------[34m-------------------Friday - 2025-10-17 00:19:40.156284 - INFO27 of 85. Adding records for... AGCO[34m-------------------[34m-------------------Friday - 2025-10-17 00:19:40.641196 - INFO27 of 85. AGCO - Backfilled to present.[34m-------------------[34m-------------------Friday - 2025-10-17 00:19:40.700552 - INFOAGCO Trade Status: (0, 0, 0, 0)[34m-------------------[34m-------------------Friday - 2025-10-17 05:58:42.727534 - INFO-_-_-_-_-_-_-_-_-_-_-_-_-_-_-_-_-_-_-_-_-_-_-_-_-_-_-_-_-_-_-_-_-_-_-_-_-_-_-_-_-_-_-_-_-_-_-_-_-_-_-_-_-_-_-_-_-_-_-_-_-_-_-_-_-05:58:42.727535 - BEGIN DATALOADER-_-_-_-_-_-_-_-_-_-_-_-_-_-_-_-_-_-_-_-_-_-_-_-_-_-_-_-_-_-_-_-_-_-_-_-_-_-_-_-_-_-_-_-_-_-_-_-_-_-_-_-_-_-_-_-_-_-_-_-_-_-_-_-_-[34m*******************[34m*******************Friday - 2025-10-17 05:58:46.835324 - ERRORTraceback (most recent call last):
  File "C:\Users\stdnt\AppData\Local\Programs\Python\Python311\Lib\site-packages\mysql\connector\connection_cext.py", line 334, in _open_connection
    self._cmysql.connect(**cnx_kwargs)
_mysql_connector.MySQLInterfaceError: Can't connect to MySQL server on 'localhost:3306' (10061)

The above exception was the direct cause of the following exception:

Traceback (most recent call last):
  File "C:\Users\stdnt\Desktop\LootLoader\LootLoader_CharlesSchwab\LLLib_Charles_Schwab_2.py", line 1538, in Create_My_Connection
    mydb = mysql.connector.connect(
           ^^^^^^^^^^^^^^^^^^^^^^^^
  File "C:\Users\stdnt\AppData\Local\Programs\Python\Python311\Lib\site-packages\mysql\connector\pooling.py", line 322, in connect
    return CMySQLConnection(*args, **kwargs)
           ^^^^^^^^^^^^^^^^^^^^^^^^^^^^^^^^^
  File "C:\Users\stdnt\AppData\Local\Programs\Python\Python311\Lib\site-packages\mysql\connector\connection_cext.py", line 151, in __init__
    self.connect(**kwargs)
  File "C:\Users\stdnt\AppData\Local\Programs\Python\Python311\Lib\site-packages\mysql\connector\abstracts.py", line 1399, in connect
    self._open_connection()
  File "C:\Users\stdnt\AppData\Local\Programs\Python\Python311\Lib\site-packages\mysql\connector\connection_cext.py", line 339, in _open_connection
    raise get_mysql_exception(
mysql.connector.errors.DatabaseError: 2003 (HY000): Can't connect to MySQL server on 'localhost:3306' (10061)
[34m*******************[34m*******************Friday - 2025-10-17 05:58:46.835324 - ERRORTraceback (most recent call last):
  File "C:\Users\stdnt\Desktop\LootLoader\LootLoader_CharlesSchwab\LLLib_Charles_Schwab_2.py", line 2197, in Get_Symbol_List
    mycursor = connection.cursor()
               ^^^^^^^^^^^^^^^^^
AttributeError: 'NoneType' object has no attribute 'cursor'
[34m*******************[34m*******************Friday - 2025-10-17 05:58:46.835324 - ERRORTraceback (most recent call last):
  File "C:\Users\stdnt\Desktop\LootLoader\LootLoader_CharlesSchwab\LLLib_Charles_Schwab_2.py", line 2228, in Get_Sectioned_Symbol_List_85
    for symbol in entireSymbolList:
TypeError: 'NoneType' object is not iterable
