[34m-------------------[34m-------------------Friday - 2025-10-17 00:00:13.860487 - INFOAKRO False: 2025-10-16 19:51:00[34m-------------------[34m-------------------Friday - 2025-10-17 00:00:18.225721 - INFO71 of 85. Backfilling from specified date 2025-10-16 - 19:00:00 for: AL[34m-------------------[34m-------------------Friday - 2025-10-17 00:00:19.359791 - INFO71 of 85. Adding records for... AL[34m-------------------[34m-------------------Friday - 2025-10-17 00:00:19.978513 - INFO71 of 85. AL - Backfilled to present.[34m-------------------[34m-------------------Friday - 2025-10-17 00:00:20.053674 - INFOAL Trade Status: (0, 0, 0, 0)[34m-------------------[34m-------------------Friday - 2025-10-17 00:00:52.345492 - INFOAL False: 2025-10-16 19:00:00[34m-------------------[34m-------------------Friday - 2025-10-17 00:00:53.617947 - INFO72 of 85. Backfilling from specified date 2025-10-16 - 19:57:00 for: ALAB[34m-------------------[34m-------------------Friday - 2025-10-17 00:00:55.090530 - INFO72 of 85. Adding records for... ALAB[34m-------------------[34m-------------------Friday - 2025-10-17 00:01:16.773499 - INFO72 of 85. ALAB - Backfilled to present.[34m-------------------[34m-------------------Friday - 2025-10-17 00:01:16.836001 - INFOALAB Trade Status: (0, 0, 0, 0)[34m-------------------[34m-------------------Friday - 2025-10-17 00:01:49.440113 - INFOALAB False: 2025-10-16 19:59:00[34m-------------------[34m-------------------Friday - 2025-10-17 00:01:52.818869 - INFO73 of 85. Backfilling from specified date 2025-10-16 - 19:51:00 for: ALB[34m-------------------[34m-------------------Friday - 2025-10-17 00:01:54.177444 - INFO73 of 85. Adding records for... ALB[34m-------------------[34m-------------------Friday - 2025-10-17 00:01:55.070444 - INFO73 of 85. ALB - Backfilled to present.[34m-------------------[34m-------------------Friday - 2025-10-17 00:01:55.144002 - INFOALB Trade Status: (0, 0, 0, 0)[34m-------------------[34m-------------------Friday - 2025-10-17 00:02:27.973453 - INFOALB False: 2025-10-16 19:51:00[34m-------------------[34m-------------------Friday - 2025-10-17 00:02:30.277043 - INFO74 of 85. Backfilling from specified date 2025-10-16 - 19:02:00 for: ALC[34m-------------------[34m-------------------Friday - 2025-10-17 00:02:31.543203 - INFO74 of 85. Adding records for... ALC[34m-------------------[34m-------------------Friday - 2025-10-17 00:02:32.256490 - INFO74 of 85. ALC - Backfilled to present.[34m-------------------[34m-------------------Friday - 2025-10-17 00:02:32.330262 - INFOALC Trade Status: (0, 0, 0, 0)[34m-------------------[34m-------------------Friday - 2025-10-17 00:03:05.218963 - INFOALC False: 2025-10-16 19:02:00[34m-------------------[34m-------------------Friday - 2025-10-17 00:03:09.560301 - INFO75 of 85. Backfilling from specified date 2025-10-16 - 19:57:00 for: ALDX[34m-------------------[34m-------------------Friday - 2025-10-17 00:03:10.536128 - INFO75 of 85. Adding records for... ALDX[34m-------------------[34m-------------------Friday - 2025-10-17 00:03:10.972592 - INFO75 of 85. ALDX - Backfilled to present.[34m-------------------[34m-------------------Friday - 2025-10-17 00:03:11.035015 - INFOALDX Trade Status: (0, 0, 0, 0)[34m-------------------[34m-------------------Friday - 2025-10-17 00:03:42.783290 - INFOALDX False: 2025-10-16 19:57:00[34m-------------------[34m-------------------Friday - 2025-10-17 00:03:43.985799 - INFO76 of 85. Backfilling from specified date 2025-10-16 - 19:00:00 for: ALE[34m-------------------[34m-------------------Friday - 2025-10-17 00:03:44.988666 - INFO76 of 85. Adding records for... ALE[34m-------------------[34m-------------------Friday - 2025-10-17 00:03:45.424100 - INFO76 of 85. ALE - Backfilled to present.[34m-------------------[34m-------------------Friday - 2025-10-17 00:03:45.502751 - INFOALE Trade Status: (0, 0, 0, 0)[34m-------------------[34m-------------------Friday - 2025-10-17 00:04:17.441657 - INFOALE False: 2025-10-16 19:00:00[34m-------------------[34m-------------------Friday - 2025-10-17 00:04:19.710668 - INFO77 of 85. Backfilling from specified date 2025-10-16 - 19:00:00 for: ALEX[34m-------------------[34m-------------------Friday - 2025-10-17 00:04:20.666529 - INFO77 of 85. Adding records for... ALEX[34m-------------------[34m-------------------Friday - 2025-10-17 00:04:21.064771 - INFO77 of 85. ALEX - Backfilled to present.[34m-------------------[34m-------------------Friday - 2025-10-17 00:04:21.114102 - INFOALEX Trade Status: (0, 0, 0, 0)[34m-------------------[34m-------------------Friday - 2025-10-17 00:04:53.081141 - INFOALEX False: 2025-10-16 19:00:00[34m-------------------[34m-------------------Friday - 2025-10-17 00:04:56.407057 - INFO78 of 85. Backfilling from specified date 2025-10-16 - 16:06:00 for: ALGM[34m-------------------[34m-------------------Friday - 2025-10-17 00:04:57.541065 - INFO78 of 85. Adding records for... ALGM[34m-------------------[34m-------------------Friday - 2025-10-17 00:04:58.154012 - INFO78 of 85. ALGM - Backfilled to present.[34m-------------------[34m-------------------Friday - 2025-10-17 00:04:58.230798 - INFOALGM Trade Status: (0, 0, 0, 0)[34m-------------------[34m-------------------Friday - 2025-10-17 00:05:31.645179 - INFOALGM False: 2025-10-16 16:06:00[34m-------------------[34m-------------------Friday - 2025-10-17 00:05:32.879511 - INFO79 of 85. Backfilling from specified date 2025-10-16 - 16:02:00 for: ALGN[34m-------------------[34m-------------------Friday - 2025-10-17 00:05:34.042704 - INFO79 of 85. Adding records for... ALGN[34m-------------------[34m-------------------Friday - 2025-10-17 00:05:34.624401 - INFO79 of 85. ALGN - Backfilled to present.[34m-------------------[34m-------------------Friday - 2025-10-17 00:05:34.698925 - INFOALGN Trade Status: (0, 0, 0, 0)[34m-------------------[34m-------------------Friday - 2025-10-17 00:06:06.655901 - INFOALGN False: 2025-10-16 16:02:00[34m-------------------[34m-------------------Friday - 2025-10-17 00:06:08.908662 - INFO80 of 85. Backfilling from specified date 2025-10-16 - 16:02:00 for: ALGT[34m-------------------[34m-------------------Friday - 2025-10-17 00:06:09.811175 - INFO80 of 85. Adding records for... ALGT[34m-------------------[34m-------------------Friday - 2025-10-17 00:06:10.139515 - INFO80 of 85. ALGT - Backfilled to present.[34m-------------------[34m-------------------Friday - 2025-10-17 00:06:10.222126 - INFOALGT Trade Status: (0, 0, 0, 0)[34m-------------------[34m-------------------Friday - 2025-10-17 00:06:41.426461 - INFOALGT False: 2025-10-16 16:02:00[34m-------------------[34m-------------------Friday - 2025-10-17 00:06:42.645623 - INFO81 of 85. Backfilling from specified date 2025-10-16 - 16:20:00 for: ALHC[34m-------------------[34m-------------------Friday - 2025-10-17 00:06:43.794827 - INFO81 of 85. Adding records for... ALHC[34m-------------------[34m-------------------Friday - 2025-10-17 00:06:44.436701 - INFO81 of 85. ALHC - Backfilled to present.[34m-------------------[34m-------------------Friday - 2025-10-17 00:06:44.515205 - INFOALHC Trade Status: (0, 0, 0, 0)[34m-------------------[34m-------------------Friday - 2025-10-17 00:07:17.486805 - INFOALHC False: 2025-10-16 16:20:00[34m-------------------[34m-------------------Friday - 2025-10-17 00:07:20.861877 - INFO82 of 85. Backfilling from specified date 2025-10-16 - 19:17:00 for: ALK[34m-------------------[34m-------------------Friday - 2025-10-17 00:07:22.092744 - INFO82 of 85. Adding records for... ALK[34m-------------------[34m-------------------Friday - 2025-10-17 00:07:22.745891 - INFO82 of 85. ALK - Backfilled to present.[34m-------------------[34m-------------------Friday - 2025-10-17 00:07:22.822631 - INFOALK Trade Status: (0, 0, 0, 0)[34m-------------------[34m-------------------Friday - 2025-10-17 00:07:55.482487 - INFOALK False: 2025-10-16 19:17:00[34m-------------------[34m-------------------Friday - 2025-10-17 00:07:56.732896 - INFO83 of 85. Backfilling from specified date 2025-10-16 - 16:19:00 for: ALKS[34m-------------------[34m-------------------Friday - 2025-10-17 00:07:57.851265 - INFO83 of 85. Adding records for... ALKS[34m-------------------[34m-------------------Friday - 2025-10-17 00:07:58.458968 - INFO83 of 85. ALKS - Backfilled to present.[34m-------------------[34m-------------------Friday - 2025-10-17 00:07:58.538653 - INFOALKS Trade Status: (0, 0, 0, 0)[34m-------------------[34m-------------------Friday - 2025-10-17 00:08:31.491618 - INFOALKS False: 2025-10-16 16:19:00[34m-------------------[34m-------------------Friday - 2025-10-17 00:08:32.718140 - INFO84 of 85. Backfilling from specified date 2025-10-16 - 16:02:00 for: ALKT[34m-------------------[34m-------------------Friday - 2025-10-17 00:08:33.736481 - INFO84 of 85. Adding records for... ALKT[34m-------------------[34m-------------------Friday - 2025-10-17 00:08:34.297339 - INFO84 of 85. ALKT - Backfilled to present.[34m-------------------[34m-------------------Friday - 2025-10-17 00:08:34.368860 - INFOALKT Trade Status: (0, 0, 0, 0)[34m-------------------[34m-------------------Friday - 2025-10-17 00:09:08.421680 - INFOALKT False: 2025-10-16 16:02:00[34m-------------------[34m-------------------Friday - 2025-10-17 00:09:09.659038 - INFO85 of 85. Backfilling from specified date 2025-10-16 - 19:12:00 for: ALL[34m-------------------[34m-------------------Friday - 2025-10-17 00:09:10.768535 - INFO85 of 85. Adding records for... ALL[34m-------------------[34m-------------------Friday - 2025-10-17 00:09:11.385075 - INFO85 of 85. ALL - Backfilled to present.[34m-------------------[34m-------------------Friday - 2025-10-17 00:09:11.460734 - INFOALL Trade Status: (0, 0, 0, 0)[34m-------------------[34m-------------------Friday - 2025-10-17 00:09:44.218590 - INFOALL False: 2025-10-16 19:12:00[34m-------------------[34m-------------------Friday - 2025-10-17 00:09:48.534542 - INFO1 of 85. Backfilling from specified date 2025-10-16 - 19:00:00 for: AIZ[34m-------------------[34m-------------------Friday - 2025-10-17 00:09:49.419206 - INFO1 of 85. Adding records for... AIZ[34m-------------------[34m-------------------Friday - 2025-10-17 00:09:49.712391 - INFO1 of 85. AIZ - Backfilled to present.[34m-------------------[34m-------------------Friday - 2025-10-17 00:09:49.770793 - INFOAIZ Trade Status: (0, 0, 0, 0)[34m-------------------[34m-------------------Friday - 2025-10-17 00:10:21.880897 - INFOAIZ False: 2025-10-16 19:00:00[34m-------------------[34m-------------------Friday - 2025-10-17 00:10:23.017962 - INFO2 of 85. Backfilling from specified date 2025-10-16 - 19:00:00 for: AIZN[34m-------------------[34m-------------------Friday - 2025-10-17 00:10:23.650996 - INFO2 of 85. Adding records for... AIZN[34m-------------------[34m-------------------Friday - 2025-10-17 00:10:23.673120 - INFO2 of 85. AIZN - Backfilled to present.[34m-------------------[34m-------------------Friday - 2025-10-17 00:10:23.735622 - INFOAIZN Trade Status: (0, 0, 0, 0)[34m-------------------[34m-------------------Friday - 2025-10-17 00:10:55.071344 - INFOAIZN False: 2025-10-16 19:00:00[34m-------------------[34m-------------------Friday - 2025-10-17 00:10:57.332192 - INFO3 of 85. Backfilling from specified date 2025-10-16 - 19:00:00 for: AJG[34m-------------------[34m-------------------Friday - 2025-10-17 00:10:58.424937 - INFO3 of 85. Adding records for... AJG[34m-------------------[34m-------------------Friday - 2025-10-17 00:10:58.990551 - INFO3 of 85. AJG - Backfilled to present.[34m-------------------[34m-------------------Friday - 2025-10-17 00:10:59.040074 - INFOAJG Trade Status: (0, 0, 0, 0)[34m-------------------[34m-------------------Friday - 2025-10-17 00:11:32.267865 - INFOAJG False: 2025-10-16 19:00:00[34m-------------------[34m-------------------Friday - 2025-10-17 00:11:36.627128 - INFO4 of 85. Backfilling from specified date 2025-10-16 - 19:52:00 for: AKAM[34m-------------------[34m-------------------Friday - 2025-10-17 00:11:37.730335 - INFO4 of 85. Adding records for... AKAM[34m-------------------[34m-------------------Friday - 2025-10-17 00:11:38.318972 - INFO4 of 85. AKAM - Backfilled to present.[34m-------------------[34m-------------------Friday - 2025-10-17 00:11:38.383950 - INFOAKAM Trade Status: (0, 0, 0, 0)[34m-------------------[34m-------------------Friday - 2025-10-17 00:12:10.388899 - INFOAKAM False: 2025-10-16 19:52:00[34m-------------------[34m-------------------Friday - 2025-10-17 00:12:13.705487 - INFO5 of 85. Backfilling from specified date 2025-10-16 - 19:00:00 for: AKR[34m-------------------[34m-------------------Friday - 2025-10-17 00:12:14.757086 - INFO5 of 85. Adding records for... AKR[34m-------------------[34m-------------------Friday - 2025-10-17 00:12:15.340015 - INFO5 of 85. AKR - Backfilled to present.[34m-------------------[34m-------------------Friday - 2025-10-17 00:12:15.400355 - INFOAKR Trade Status: (0, 0, 0, 0)[34m-------------------[34m-------------------Friday - 2025-10-17 00:12:47.020467 - INFOAKR False: 2025-10-16 19:00:00[34m-------------------[34m-------------------Friday - 2025-10-17 00:12:48.225554 - INFO6 of 85. Backfilling from specified date 2025-10-16 - 19:51:00 for: AKRO[34m-------------------[34m-------------------Friday - 2025-10-17 00:12:49.275144 - INFO6 of 85. Adding records for... AKRO[34m-------------------[34m-------------------Friday - 2025-10-17 00:13:03.559923 - INFO6 of 85. AKRO - Backfilled to present.[34m-------------------[34m-------------------Friday - 2025-10-17 00:13:03.622310 - INFOAKRO Trade Status: (0, 0, 0, 0)[34m-------------------[34m-------------------Friday - 2025-10-17 00:13:35.433499 - INFOAKRO False: 2025-10-16 19:59:00[34m-------------------[34m-------------------Friday - 2025-10-17 00:13:39.785400 - INFO7 of 85. Backfilling from specified date 2025-10-16 - 19:00:00 for: AL[34m-------------------[34m-------------------Friday - 2025-10-17 00:13:40.854307 - INFO7 of 85. Adding records for... AL[34m-------------------[34m-------------------Friday - 2025-10-17 00:13:41.464378 - INFO7 of 85. AL - Backfilled to present.[34m-------------------[34m-------------------Friday - 2025-10-17 00:13:41.526777 - INFOAL Trade Status: (0, 0, 0, 0)[34m-------------------[34m-------------------Friday - 2025-10-17 00:14:13.498308 - INFOAL False: 2025-10-16 19:00:00[34m-------------------[34m-------------------Friday - 2025-10-17 00:14:14.771134 - INFO8 of 85. Backfilling from specified date 2025-10-16 - 19:59:00 for: ALAB[34m-------------------[34m-------------------Friday - 2025-10-17 00:14:16.263611 - INFO8 of 85. Adding records for... ALAB[34m-------------------[34m-------------------Friday - 2025-10-17 00:14:17.272770 - INFO8 of 85. ALAB - Backfilled to present.[34m-------------------[34m-------------------Friday - 2025-10-17 00:14:17.333121 - INFOALAB Trade Status: (0, 0, 0, 0)[34m-------------------[34m-------------------Friday - 2025-10-17 00:14:50.779219 - INFOALAB False: 2025-10-16 19:59:00[34m-------------------[34m-------------------Friday - 2025-10-17 00:14:54.124718 - INFO9 of 85. Backfilling from specified date 2025-10-16 - 19:51:00 for: ALB[34m-------------------[34m-------------------Friday - 2025-10-17 00:14:55.531286 - INFO9 of 85. Adding records for... ALB[34m-------------------[34m-------------------Friday - 2025-10-17 00:14:56.434301 - INFO9 of 85. ALB - Backfilled to present.[34m-------------------[34m-------------------Friday - 2025-10-17 00:14:56.484521 - INFOALB Trade Status: (0, 0, 0, 0)[34m-------------------[34m-------------------Friday - 2025-10-17 00:15:29.063035 - INFOALB False: 2025-10-16 19:51:00[34m-------------------[34m-------------------Friday - 2025-10-17 00:15:31.333192 - INFO10 of 85. Backfilling from specified date 2025-10-16 - 19:02:00 for: ALC[34m-------------------[34m-------------------Friday - 2025-10-17 00:15:32.481157 - INFO10 of 85. Adding records for... ALC[34m-------------------[34m-------------------Friday - 2025-10-17 00:15:33.137575 - INFO10 of 85. ALC - Backfilled to present.[34m-------------------[34m-------------------Friday - 2025-10-17 00:15:33.200024 - INFOALC Trade Status: (0, 0, 0, 0)[34m-------------------[34m-------------------Friday - 2025-10-17 00:16:05.271639 - INFOALC False: 2025-10-16 19:02:00[34m-------------------[34m-------------------Friday - 2025-10-17 00:16:09.599747 - INFO11 of 85. Backfilling from specified date 2025-10-16 - 19:57:00 for: ALDX[34m-------------------[34m-------------------Friday - 2025-10-17 00:16:10.531993 - INFO11 of 85. Adding records for... ALDX[34m-------------------[34m-------------------Friday - 2025-10-17 00:16:10.947674 - INFO11 of 85. ALDX - Backfilled to present.[34m-------------------[34m-------------------Friday - 2025-10-17 00:16:10.996957 - INFOALDX Trade Status: (0, 0, 0, 0)[34m-------------------[34m-------------------Friday - 2025-10-17 00:16:41.958735 - INFOALDX False: 2025-10-16 19:57:00[34m-------------------[34m-------------------Friday - 2025-10-17 00:16:43.152244 - INFO12 of 85. Backfilling from specified date 2025-10-16 - 19:00:00 for: ALE[34m-------------------[34m-------------------Friday - 2025-10-17 00:16:44.163824 - INFO12 of 85. Adding records for... ALE[34m-------------------[34m-------------------Friday - 2025-10-17 00:16:44.608299 - INFO12 of 85. ALE - Backfilled to present.[34m-------------------[34m-------------------Friday - 2025-10-17 00:16:44.666627 - INFOALE Trade Status: (0, 0, 0, 0)[34m-------------------[34m-------------------Friday - 2025-10-17 00:17:16.284964 - INFOALE False: 2025-10-16 19:00:00[34m-------------------[34m-------------------Friday - 2025-10-17 00:17:18.517652 - INFO13 of 85. Backfilling from specified date 2025-10-16 - 19:00:00 for: ALEX[34m-------------------[34m-------------------Friday - 2025-10-17 00:17:19.430992 - INFO13 of 85. Adding records for... ALEX[34m-------------------[34m-------------------Friday - 2025-10-17 00:17:19.813317 - INFO13 of 85. ALEX - Backfilled to present.[34m-------------------[34m-------------------Friday - 2025-10-17 00:17:19.865621 - INFOALEX Trade Status: (0, 0, 0, 0)[34m-------------------[34m-------------------Friday - 2025-10-17 00:17:50.918506 - INFOALEX False: 2025-10-16 19:00:00[34m-------------------[34m-------------------Friday - 2025-10-17 00:17:54.234175 - INFO14 of 85. Backfilling from specified date 2025-10-16 - 16:06:00 for: ALGM[34m-------------------[34m-------------------Friday - 2025-10-17 00:17:55.628798 - INFO14 of 85. Adding records for... ALGM[34m-------------------[34m-------------------Friday - 2025-10-17 00:17:56.215282 - INFO14 of 85. ALGM - Backfilled to present.[34m-------------------[34m-------------------Friday - 2025-10-17 00:17:56.264630 - INFOALGM Trade Status: (0, 0, 0, 0)[34m-------------------[34m-------------------Friday - 2025-10-17 00:18:27.517920 - INFOALGM False: 2025-10-16 16:06:00[34m-------------------[34m-------------------Friday - 2025-10-17 00:18:28.720300 - INFO15 of 85. Backfilling from specified date 2025-10-16 - 16:02:00 for: ALGN[34m-------------------[34m-------------------Friday - 2025-10-17 00:18:29.804600 - INFO15 of 85. Adding records for... ALGN[34m-------------------[34m-------------------Friday - 2025-10-17 00:18:30.391869 - INFO15 of 85. ALGN - Backfilled to present.[34m-------------------[34m-------------------Friday - 2025-10-17 00:18:30.452291 - INFOALGN Trade Status: (0, 0, 0, 0)[34m-------------------[34m-------------------Friday - 2025-10-17 00:19:01.862387 - INFOALGN False: 2025-10-16 16:02:00[34m-------------------[34m-------------------Friday - 2025-10-17 00:19:04.073292 - INFO16 of 85. Backfilling from specified date 2025-10-16 - 16:02:00 for: ALGT[34m-------------------[34m-------------------Friday - 2025-10-17 00:19:05.068896 - INFO16 of 85. Adding records for... ALGT[34m-------------------[34m-------------------Friday - 2025-10-17 00:19:05.399726 - INFO16 of 85. ALGT - Backfilled to present.[34m-------------------[34m-------------------Friday - 2025-10-17 00:19:05.460253 - INFOALGT Trade Status: (0, 0, 0, 0)[34m-------------------[34m-------------------Friday - 2025-10-17 00:19:36.220162 - INFOALGT False: 2025-10-16 16:02:00[34m-------------------[34m-------------------Friday - 2025-10-17 00:19:37.425898 - INFO17 of 85. Backfilling from specified date 2025-10-16 - 16:20:00 for: ALHC[34m-------------------[34m-------------------Friday - 2025-10-17 00:19:38.645272 - INFO17 of 85. Adding records for... ALHC[34m-------------------[34m-------------------Friday - 2025-10-17 00:19:39.274116 - INFO17 of 85. ALHC - Backfilled to present.[34m-------------------[34m-------------------Friday - 2025-10-17 00:19:39.323454 - INFOALHC Trade Status: (0, 0, 0, 0)[34m-------------------[34m-------------------Friday - 2025-10-17 05:58:44.689714 - INFO-_-_-_-_-_-_-_-_-_-_-_-_-_-_-_-_-_-_-_-_-_-_-_-_-_-_-_-_-_-_-_-_-_-_-_-_-_-_-_-_-_-_-_-_-_-_-_-_-_-_-_-_-_-_-_-_-_-_-_-_-_-_-_-_-05:58:44.689715 - BEGIN DATALOADER-_-_-_-_-_-_-_-_-_-_-_-_-_-_-_-_-_-_-_-_-_-_-_-_-_-_-_-_-_-_-_-_-_-_-_-_-_-_-_-_-_-_-_-_-_-_-_-_-_-_-_-_-_-_-_-_-_-_-_-_-_-_-_-_-[34m*******************[34m*******************Friday - 2025-10-17 05:58:48.770509 - ERRORTraceback (most recent call last):
  File "C:\Users\stdnt\AppData\Local\Programs\Python\Python311\Lib\site-packages\mysql\connector\connection_cext.py", line 334, in _open_connection
    self._cmysql.connect(**cnx_kwargs)
_mysql_connector.MySQLInterfaceError: Can't connect to MySQL server on 'localhost:3306' (10061)

The above exception was the direct cause of the following exception:

Traceback (most recent call last):
  File "C:\Users\stdnt\Desktop\LootLoader\LootLoader_CharlesSchwab\LLLib_Charles_Schwab_3.py", line 1538, in Create_My_Connection
    mydb = mysql.connector.connect(
           ^^^^^^^^^^^^^^^^^^^^^^^^
  File "C:\Users\stdnt\AppData\Local\Programs\Python\Python311\Lib\site-packages\mysql\connector\pooling.py", line 322, in connect
    return CMySQLConnection(*args, **kwargs)
           ^^^^^^^^^^^^^^^^^^^^^^^^^^^^^^^^^
  File "C:\Users\stdnt\AppData\Local\Programs\Python\Python311\Lib\site-packages\mysql\connector\connection_cext.py", line 151, in __init__
    self.connect(**kwargs)
  File "C:\Users\stdnt\AppData\Local\Programs\Python\Python311\Lib\site-packages\mysql\connector\abstracts.py", line 1399, in connect
    self._open_connection()
  File "C:\Users\stdnt\AppData\Local\Programs\Python\Python311\Lib\site-packages\mysql\connector\connection_cext.py", line 339, in _open_connection
    raise get_mysql_exception(
mysql.connector.errors.DatabaseError: 2003 (HY000): Can't connect to MySQL server on 'localhost:3306' (10061)
[34m*******************[34m*******************Friday - 2025-10-17 05:58:48.770509 - ERRORTraceback (most recent call last):
  File "C:\Users\stdnt\Desktop\LootLoader\LootLoader_CharlesSchwab\LLLib_Charles_Schwab_3.py", line 2197, in Get_Symbol_List
    mycursor = connection.cursor()
               ^^^^^^^^^^^^^^^^^
AttributeError: 'NoneType' object has no attribute 'cursor'
[34m*******************[34m*******************Friday - 2025-10-17 05:58:48.770509 - ERRORTraceback (most recent call last):
  File "C:\Users\stdnt\Desktop\LootLoader\LootLoader_CharlesSchwab\LLLib_Charles_Schwab_3.py", line 2228, in Get_Sectioned_Symbol_List_85
    for symbol in entireSymbolList:
TypeError: 'NoneType' object is not iterable
